

================================================================
== Vivado HLS Report for 'imGreyNormalization'
================================================================
* Date:           Wed Jan 27 23:59:56 2021

* Version:        2016.4 (Build 1756540 on Mon Jan 23 19:31:01 MST 2017)
* Project:        Task_1
* Solution:       solution1
* Product family: zynq
* Target device:  xc7z020clg484-1


================================================================
== Performance Estimates
================================================================
+ Timing (ns): 
    * Summary: 
    +--------+-------+----------+------------+
    |  Clock | Target| Estimated| Uncertainty|
    +--------+-------+----------+------------+
    |ap_clk  |  10.00|      8.62|        1.25|
    +--------+-------+----------+------------+

+ Latency (clock cycles): 
    * Summary: 
    +-----+----------+-----+----------+---------+
    |     Latency    |    Interval    | Pipeline|
    | min |    max   | min |    max   |   Type  |
    +-----+----------+-----+----------+---------+
    |   10|  75794410|   10|  75794410|   none  |
    +-----+----------+-----+----------+---------+

    + Detail: 
        * Instance: 
        N/A

        * Loop: 
        +----------+-----+----------+-----------+-----------+-----------+----------+----------+
        |          |     Latency    | Iteration |  Initiation Interval  |   Trip   |          |
        | Loop Name| min |    max   |  Latency  |  achieved |   target  |   Count  | Pipelined|
        +----------+-----+----------+-----------+-----------+-----------+----------+----------+
        |- L22     |    0|   4694400|  3 ~ 3912 |          -|          -| 0 ~ 1200 |    no    |
        | + L33    |    0|      3909|         13|          -|          -|  0 ~ 300 |    no    |
        |- L44     |    0|  71100000| 2 ~ 59250 |          -|          -| 0 ~ 1200 |    no    |
        | + L55    |    0|     59247|        197|          -|          -|  0 ~ 300 |    no    |
        +----------+-----+----------+-----------+-----------+-----------+----------+----------+



================================================================
== Utilization Estimates
================================================================
* Summary: 
+-----------------+---------+-------+--------+-------+
|       Name      | BRAM_18K| DSP48E|   FF   |  LUT  |
+-----------------+---------+-------+--------+-------+
|DSP              |        -|      -|       -|      -|
|Expression       |        -|      -|       0|   3237|
|FIFO             |        -|      -|       -|      -|
|Instance         |        -|      3|    4068|   5452|
|Memory           |        -|      -|       -|      -|
|Multiplexer      |        -|      -|       -|    915|
|Register         |        -|      -|    1277|      -|
+-----------------+---------+-------+--------+-------+
|Total            |        0|      3|    5345|   9604|
+-----------------+---------+-------+--------+-------+
|Available        |      280|    220|  106400|  53200|
+-----------------+---------+-------+--------+-------+
|Utilization (%)  |        0|      1|       5|     18|
+-----------------+---------+-------+--------+-------+

+ Detail: 
    * Instance: 
    +----------------------------+----------------------+---------+-------+------+------+
    |          Instance          |        Module        | BRAM_18K| DSP48E|  FF  |  LUT |
    +----------------------------+----------------------+---------+-------+------+------+
    |imTemplateMatchinbkb_x_U19  |imTemplateMatchinbkb  |        0|      3|   445|  1149|
    |imTemplateMatchineOg_U20    |imTemplateMatchineOg  |        0|      0|  3211|  3658|
    |imTemplateMatchinfYi_U21    |imTemplateMatchinfYi  |        0|      0|   412|   645|
    +----------------------------+----------------------+---------+-------+------+------+
    |Total                       |                      |        0|      3|  4068|  5452|
    +----------------------------+----------------------+---------+-------+------+------+

    * DSP48: 
    N/A

    * Memory: 
    N/A

    * FIFO: 
    N/A

    * Expression: 
    +------------------------+----------+-------+---+-----+------------+------------+
    |      Variable Name     | Operation| DSP48E| FF| LUT | Bitwidth P0| Bitwidth P1|
    +------------------------+----------+-------+---+-----+------------+------------+
    |col_2_3_fu_633_p2       |     +    |      0|  0|   11|           3|          11|
    |col_3_3_fu_1507_p2      |     +    |      0|  0|   11|           3|          11|
    |next_mul2_fu_687_p2     |     +    |      0|  0|   64|          11|          64|
    |next_mul_fu_359_p2      |     +    |      0|  0|   64|          11|          64|
    |row_2_fu_374_p2         |     +    |      0|  0|   11|           1|          11|
    |row_3_fu_702_p2         |     +    |      0|  0|   11|           1|          11|
    |sh_assign_2_fu_1066_p2  |     +    |      0|  0|   12|          11|          12|
    |sh_assign_4_fu_1340_p2  |     +    |      0|  0|   12|          11|          12|
    |sh_assign_6_fu_1589_p2  |     +    |      0|  0|   12|          11|          12|
    |sh_assign_fu_807_p2     |     +    |      0|  0|   12|          11|          12|
    |tmp1_fu_938_p2          |     +    |      0|  0|   12|          25|          25|
    |tmp2_fu_1197_p2         |     +    |      0|  0|   12|          25|          25|
    |tmp3_fu_1471_p2         |     +    |      0|  0|   12|          25|          25|
    |tmp4_fu_1720_p2         |     +    |      0|  0|   12|          25|          25|
    |tmp8_1_fu_1191_p2       |     +    |      0|  0|   12|          25|          25|
    |tmp8_2_fu_1465_p2       |     +    |      0|  0|   12|          25|          25|
    |tmp8_3_fu_1714_p2       |     +    |      0|  0|   12|          25|          25|
    |tmp8_fu_932_p2          |     +    |      0|  0|   12|          25|          25|
    |tmp_16_fu_412_p2        |     +    |      0|  0|   22|          22|          22|
    |tmp_22_fu_485_p2        |     +    |      0|  0|   22|          22|          22|
    |tmp_25_fu_554_p2        |     +    |      0|  0|   22|          22|          22|
    |tmp_26_fu_954_p2        |     +    |      0|  0|   32|          32|          32|
    |tmp_28_fu_721_p2        |     +    |      0|  0|   22|          22|          22|
    |tmp_30_1_fu_1213_p2     |     +    |      0|  0|   32|          32|          32|
    |tmp_30_2_fu_1487_p2     |     +    |      0|  0|   32|          32|          32|
    |tmp_30_3_fu_1736_p2     |     +    |      0|  0|   32|          32|          32|
    |tmp_33_fu_623_p2        |     +    |      0|  0|   22|          22|          22|
    |tmp_34_fu_980_p2        |     +    |      0|  0|   22|          22|          22|
    |tmp_37_fu_1239_p2       |     +    |      0|  0|   22|          22|          22|
    |tmp_40_fu_1497_p2       |     +    |      0|  0|   22|          22|          22|
    |p_Val2_i_i1_fu_1152_p2  |     -    |      0|  0|    8|           1|           8|
    |p_Val2_i_i2_fu_1426_p2  |     -    |      0|  0|    8|           1|           8|
    |p_Val2_i_i3_fu_1675_p2  |     -    |      0|  0|    8|           1|           8|
    |p_Val2_i_i_fu_893_p2    |     -    |      0|  0|    8|           1|           8|
    |tmp_17_fu_739_p2        |     -    |      0|  0|   10|          10|          10|
    |tmp_18_fu_754_p2        |     -    |      0|  0|   18|          18|          18|
    |tmp_21_1_fu_998_p2      |     -    |      0|  0|   10|          10|          10|
    |tmp_21_2_fu_1272_p2     |     -    |      0|  0|   10|          10|          10|
    |tmp_21_3_fu_1521_p2     |     -    |      0|  0|   10|          10|          10|
    |tmp_22_1_fu_1013_p2     |     -    |      0|  0|   18|          18|          18|
    |tmp_22_2_fu_1287_p2     |     -    |      0|  0|   18|          18|          18|
    |tmp_22_3_fu_1536_p2     |     -    |      0|  0|   18|          18|          18|
    |tmp_5_fu_388_p2         |     -    |      0|  0|    9|           9|           9|
    |tmp_i_i1_13_fu_1080_p2  |     -    |      0|  0|   11|          10|          11|
    |tmp_i_i2_14_fu_1354_p2  |     -    |      0|  0|   11|          10|          11|
    |tmp_i_i3_15_fu_1603_p2  |     -    |      0|  0|   11|          10|          11|
    |tmp_i_i_12_fu_821_p2    |     -    |      0|  0|   11|          10|          11|
    |tmp_10_fu_434_p2        |   icmp   |      0|  0|    3|           9|           9|
    |tmp_11_fu_452_p2        |   icmp   |      0|  0|    3|           9|           9|
    |tmp_13_1_fu_506_p2      |   icmp   |      0|  0|    3|           9|           9|
    |tmp_13_2_fu_575_p2      |   icmp   |      0|  0|    3|           9|           9|
    |tmp_13_3_fu_650_p2      |   icmp   |      0|  0|    3|           9|           9|
    |tmp_15_fu_712_p2        |   icmp   |      0|  0|   11|          32|          32|
    |tmp_16_1_fu_522_p2      |   icmp   |      0|  0|    3|           9|           9|
    |tmp_16_2_fu_591_p2      |   icmp   |      0|  0|    3|           9|           9|
    |tmp_16_3_fu_666_p2      |   icmp   |      0|  0|    3|           9|           9|
    |tmp_18_1_fu_971_p2      |   icmp   |      0|  0|   11|          32|          32|
    |tmp_18_2_fu_1230_p2     |   icmp   |      0|  0|   11|          32|          32|
    |tmp_18_3_fu_1259_p2     |   icmp   |      0|  0|   11|          32|          32|
    |tmp_1_fu_369_p2         |   icmp   |      0|  0|   11|          32|          32|
    |tmp_8_1_fu_476_p2       |   icmp   |      0|  0|   11|          32|          32|
    |tmp_8_2_fu_545_p2       |   icmp   |      0|  0|   11|          32|          32|
    |tmp_8_3_fu_614_p2       |   icmp   |      0|  0|   11|          32|          32|
    |tmp_8_fu_403_p2         |   icmp   |      0|  0|   11|          32|          32|
    |tmp_s_fu_697_p2         |   icmp   |      0|  0|   11|          32|          32|
    |tmp_68_i_i1_fu_1110_p2  |   lshr   |      0|  0|  157|          53|          53|
    |tmp_68_i_i2_fu_1384_p2  |   lshr   |      0|  0|  157|          53|          53|
    |tmp_68_i_i3_fu_1633_p2  |   lshr   |      0|  0|  157|          53|          53|
    |tmp_68_i_i_fu_851_p2    |   lshr   |      0|  0|  157|          53|          53|
    |col_2_1_fu_535_p2       |    or    |      0|  0|   13|          11|           2|
    |col_2_2_fu_604_p2       |    or    |      0|  0|   13|          11|           2|
    |col_2_s_fu_466_p2       |    or    |      0|  0|   13|          11|           1|
    |col_3_1_fu_1220_p2      |    or    |      0|  0|   13|          11|           2|
    |col_3_2_fu_1249_p2      |    or    |      0|  0|   13|          11|           2|
    |col_3_s_fu_961_p2       |    or    |      0|  0|   13|          11|           1|
    |max_2_1_fu_512_p3       |  select  |      0|  0|    8|           1|           8|
    |max_2_2_fu_581_p3       |  select  |      0|  0|    8|           1|           8|
    |max_2_3_fu_656_p3       |  select  |      0|  0|    8|           1|           8|
    |max_2_fu_440_p3         |  select  |      0|  0|    8|           1|           8|
    |min_2_1_fu_528_p3       |  select  |      0|  0|    8|           1|           8|
    |min_2_2_fu_597_p3       |  select  |      0|  0|    8|           1|           8|
    |min_2_3_fu_672_p3       |  select  |      0|  0|    8|           1|           8|
    |min_2_fu_458_p3         |  select  |      0|  0|    8|           1|           8|
    |p_Val2_11_fu_1157_p3    |  select  |      0|  0|    8|           1|           8|
    |p_Val2_15_fu_1418_p3    |  select  |      0|  0|    8|           1|           8|
    |p_Val2_17_fu_1431_p3    |  select  |      0|  0|    8|           1|           8|
    |p_Val2_21_fu_1667_p3    |  select  |      0|  0|    8|           1|           8|
    |p_Val2_23_fu_1680_p3    |  select  |      0|  0|    8|           1|           8|
    |p_Val2_3_fu_885_p3      |  select  |      0|  0|    8|           1|           8|
    |p_Val2_5_fu_898_p3      |  select  |      0|  0|    8|           1|           8|
    |p_Val2_9_fu_1144_p3     |  select  |      0|  0|    8|           1|           8|
    |sh_assign_1_fu_831_p3   |  select  |      0|  0|   12|           1|          12|
    |sh_assign_3_fu_1090_p3  |  select  |      0|  0|   12|           1|          12|
    |sh_assign_5_fu_1364_p3  |  select  |      0|  0|   12|           1|          12|
    |sh_assign_7_fu_1613_p3  |  select  |      0|  0|   12|           1|          12|
    |tmp_69_i_i1_fu_1116_p2  |    shl   |      0|  0|  350|         112|         112|
    |tmp_69_i_i2_fu_1390_p2  |    shl   |      0|  0|  350|         112|         112|
    |tmp_69_i_i3_fu_1639_p2  |    shl   |      0|  0|  350|         112|         112|
    |tmp_69_i_i_fu_857_p2    |    shl   |      0|  0|  350|         112|         112|
    +------------------------+----------+-------+---+-----+------------+------------+
    |Total                   |          |      0|  0| 3237|        1881|        2159|
    +------------------------+----------+-------+---+-----+------------+------------+

    * Multiplexer: 
    +---------------------+-----+-----------+-----+-----------+
    |         Name        | LUT | Input Size| Bits| Total Bits|
    +---------------------+-----+-----------+-----+-----------+
    |ap_NS_fsm            |  568|        223|    1|        223|
    |col_1_reg_313        |   11|          2|   11|         22|
    |col_reg_225          |   11|          2|   11|         22|
    |grp_fu_334_p0        |   32|          6|   32|        192|
    |imINPUT_address0     |   63|         14|   21|        294|
    |imINPUT_d0           |   32|          5|   32|        160|
    |max_1_lcssa_reg_275  |    8|          4|    8|         32|
    |max_1_reg_237        |    8|          2|    8|         16|
    |max_reg_194          |    8|          2|    8|         16|
    |min1_reg_204         |    8|          2|    8|         16|
    |min_1_lcssa_reg_259  |    8|          4|    8|         32|
    |min_1_reg_248        |    8|          2|    8|         16|
    |phi_mul1_reg_302     |   64|          2|   64|        128|
    |phi_mul_reg_214      |   64|          2|   64|        128|
    |row_1_reg_291        |   11|          2|   11|         22|
    |row_reg_183          |   11|          2|   11|         22|
    +---------------------+-----+-----------+-----+-----------+
    |Total                |  915|        276|  306|       1341|
    +---------------------+-----+-----------+-----+-----------+

    * Register: 
    +--------------------------+-----+----+-----+-----------+
    |           Name           |  FF | LUT| Bits| Const Bits|
    +--------------------------+-----+----+-----+-----------+
    |ap_CS_fsm                 |  222|   0|  222|          0|
    |col_1_reg_313             |   11|   0|   11|          0|
    |col_2_3_reg_1872          |   11|   0|   11|          0|
    |col_3_2_reg_2022          |    9|   0|   11|          2|
    |col_3_3_reg_2073          |   11|   0|   11|          0|
    |col_reg_225               |   11|   0|   11|          0|
    |imOUTPUT_addr_2_reg_1925  |   21|   0|   21|          0|
    |imOUTPUT_addr_4_reg_1971  |   21|   0|   21|          0|
    |imOUTPUT_addr_5_reg_2017  |   21|   0|   21|          0|
    |imOUTPUT_addr_6_reg_2068  |   21|   0|   21|          0|
    |max_1_lcssa_reg_275       |    8|   0|    8|          0|
    |max_1_reg_237             |    8|   0|    8|          0|
    |max_2_1_reg_1828          |    8|   0|    8|          0|
    |max_2_2_reg_1850          |    8|   0|    8|          0|
    |max_2_reg_1806            |    8|   0|    8|          0|
    |max_reg_194               |    8|   0|    8|          0|
    |min1_reg_204              |    8|   0|    8|          0|
    |min_1_lcssa_reg_259       |    8|   0|    8|          0|
    |min_1_reg_248             |    8|   0|    8|          0|
    |min_2_1_reg_1835          |    8|   0|    8|          0|
    |min_2_2_reg_1857          |    8|   0|    8|          0|
    |min_2_reg_1813            |    8|   0|    8|          0|
    |next_mul2_reg_1908        |   64|   0|   64|          0|
    |next_mul_reg_1780         |   64|   0|   64|          0|
    |p_Result_2_reg_1987       |    1|   0|    1|          0|
    |p_Result_4_reg_2042       |    1|   0|    1|          0|
    |p_Result_6_reg_2089       |    1|   0|    1|          0|
    |p_Result_s_reg_1941       |    1|   0|    1|          0|
    |p_Val2_11_reg_1998        |    8|   0|    8|          0|
    |p_Val2_15_reg_2047        |    8|   0|    8|          0|
    |p_Val2_17_reg_2053        |    8|   0|    8|          0|
    |p_Val2_21_reg_2094        |    8|   0|    8|          0|
    |p_Val2_23_reg_2100        |    8|   0|    8|          0|
    |p_Val2_3_reg_1946         |    8|   0|    8|          0|
    |p_Val2_5_reg_1952         |    8|   0|    8|          0|
    |p_Val2_9_reg_1992         |    8|   0|    8|          0|
    |phi_mul1_reg_302          |   64|   0|   64|          0|
    |phi_mul_reg_214           |   64|   0|   64|          0|
    |reg_337                   |   64|   0|   64|          0|
    |reg_342                   |   64|   0|   64|          0|
    |reg_347                   |   64|   0|   64|          0|
    |row_1_reg_291             |   11|   0|   11|          0|
    |row_2_reg_1788            |   11|   0|   11|          0|
    |row_3_reg_1916            |   11|   0|   11|          0|
    |row_reg_183               |   11|   0|   11|          0|
    |tmp1_reg_1957             |   25|   0|   25|          0|
    |tmp2_reg_2003             |   25|   0|   25|          0|
    |tmp3_reg_2058             |   25|   0|   25|          0|
    |tmp4_reg_2105             |   25|   0|   25|          0|
    |tmp_13_reg_1900           |   22|   0|   22|          0|
    |tmp_15_reg_1921           |    1|   0|    1|          0|
    |tmp_17_reg_1930           |   10|   0|   10|          0|
    |tmp_18_1_reg_1967         |    1|   0|    1|          0|
    |tmp_18_2_reg_2013         |    1|   0|    1|          0|
    |tmp_18_3_reg_2027         |    1|   0|    1|          0|
    |tmp_21_1_reg_1976         |   10|   0|   10|          0|
    |tmp_21_2_reg_2031         |   10|   0|   10|          0|
    |tmp_21_3_reg_2078         |   10|   0|   10|          0|
    |tmp_3_cast1_reg_1887      |   10|   0|   10|          0|
    |tmp_4_reg_1772            |   22|   0|   22|          0|
    |tmp_6_reg_1895            |   64|   0|   64|          0|
    +--------------------------+-----+----+-----+-----------+
    |Total                     | 1277|   0| 1279|          2|
    +--------------------------+-----+----+-----+-----------+



================================================================
== Interface
================================================================
* Summary: 
+------------------+-----+-----+------------+---------------------+--------------+
|     RTL Ports    | Dir | Bits|  Protocol  |    Source Object    |    C Type    |
+------------------+-----+-----+------------+---------------------+--------------+
|ap_clk            |  in |    1| ap_ctrl_hs | imGreyNormalization | return value |
|ap_rst            |  in |    1| ap_ctrl_hs | imGreyNormalization | return value |
|ap_start          |  in |    1| ap_ctrl_hs | imGreyNormalization | return value |
|ap_done           | out |    1| ap_ctrl_hs | imGreyNormalization | return value |
|ap_idle           | out |    1| ap_ctrl_hs | imGreyNormalization | return value |
|ap_ready          | out |    1| ap_ctrl_hs | imGreyNormalization | return value |
|imINPUT_address0  | out |   21|  ap_memory |       imINPUT       |     array    |
|imINPUT_ce0       | out |    1|  ap_memory |       imINPUT       |     array    |
|imINPUT_we0       | out |    1|  ap_memory |       imINPUT       |     array    |
|imINPUT_d0        | out |   32|  ap_memory |       imINPUT       |     array    |
|imINPUT_q0        |  in |   32|  ap_memory |       imINPUT       |     array    |
|imHeight          |  in |   32|   ap_none  |       imHeight      |    scalar    |
|imWidth           |  in |   32|   ap_none  |       imWidth       |    scalar    |
+------------------+-----+-----+------------+---------------------+--------------+

