

================================================================
== Vivado HLS Report for 'imTemplateMatching'
================================================================
* Date:           Wed Jan 27 23:59:59 2021

* Version:        2016.4 (Build 1756540 on Mon Jan 23 19:31:01 MST 2017)
* Project:        Task_1
* Solution:       solution1
* Product family: zynq
* Target device:  xc7z020clg484-1


================================================================
== Performance Estimates
================================================================
+ Timing (ns): 
    * Summary: 
    +--------+-------+----------+------------+
    |  Clock | Target| Estimated| Uncertainty|
    +--------+-------+----------+------------+
    |ap_clk  |  10.00|      8.62|        1.25|
    +--------+-------+----------+------------+

+ Latency (clock cycles): 
    * Summary: 
    +-----+------------+-----+------------+---------+
    |      Latency     |     Interval     | Pipeline|
    | min |     max    | min |     max    |   Type  |
    +-----+------------+-----+------------+---------+
    |   19|  1321067379|   20|  1321067380|   none  |
    +-----+------------+-----+------------+---------+

    + Detail: 
        * Instance: 
        +--------------------------------+---------------------+-----+------------+-----+--------------+----------+
        |                                |                     |      Latency     |      Interval      | Pipeline |
        |            Instance            |        Module       | min |     max    | min |      max     |   Type   |
        +--------------------------------+---------------------+-----+------------+-----+--------------+----------+
        |grp_imGreyNormalization_fu_168  |imGreyNormalization  |   10|    75794410|   10|      75794410|   none   |
        |grp_imGreyNormalization_fu_176  |imGreyNormalization  |   10|    75794410|   10|      75794410|   none   |
        |grp_imGrayScale_fu_184          |imGrayScale          |    1|    41762401|    1|      41762401|   none   |
        |grp_imGrayScale26_fu_196        |imGrayScale26        |    1|    37442401|    1|      37442401|   none   |
        |grp_imDiff_fu_208               |imDiff               |    1|  1203310161|    2|  173002002002| dataflow |
        +--------------------------------+---------------------+-----+------------+-----+--------------+----------+

        * Loop: 
        +----------+-----+--------+----------+-----------+-----------+---------+----------+
        |          |    Latency   | Iteration|  Initiation Interval  |   Trip  |          |
        | Loop Name| min |   max  |  Latency |  achieved |   target  |  Count  | Pipelined|
        +----------+-----+--------+----------+-----------+-----------+---------+----------+
        |- L110    |    0|  200400| 2 ~ 1002 |          -|          -| 0 ~ 200 |    no    |
        | + L111   |    0|    1000|         5|          -|          -| 0 ~ 200 |    no    |
        +----------+-----+--------+----------+-----------+-----------+---------+----------+



================================================================
== Utilization Estimates
================================================================
* Summary: 
+-----------------+---------+-------+--------+-------+
|       Name      | BRAM_18K| DSP48E|   FF   |  LUT  |
+-----------------+---------+-------+--------+-------+
|DSP              |        -|      1|       -|      -|
|Expression       |        -|      -|       0|    164|
|FIFO             |        -|      -|       -|      -|
|Instance         |        -|     57|   16586|  29640|
|Memory           |        -|      -|       -|      -|
|Multiplexer      |        -|      -|       -|    226|
|Register         |        -|      -|     303|      -|
+-----------------+---------+-------+--------+-------+
|Total            |        0|     58|   16889|  30030|
+-----------------+---------+-------+--------+-------+
|Available        |      280|    220|  106400|  53200|
+-----------------+---------+-------+--------+-------+
|Utilization (%)  |        0|     26|      15|     56|
+-----------------+---------+-------+--------+-------+

+ Detail: 
    * Instance: 
    +--------------------------------+---------------------+---------+-------+------+------+
    |            Instance            |        Module       | BRAM_18K| DSP48E|  FF  |  LUT |
    +--------------------------------+---------------------+---------+-------+------+------+
    |grp_imDiff_fu_208               |imDiff               |        0|      1|   641|  1079|
    |grp_imGrayScale_fu_184          |imGrayScale          |        0|     25|  2629|  4679|
    |grp_imGrayScale26_fu_196        |imGrayScale26        |        0|     25|  2626|  4674|
    |grp_imGreyNormalization_fu_168  |imGreyNormalization  |        0|      3|  5345|  9604|
    |grp_imGreyNormalization_fu_176  |imGreyNormalization  |        0|      3|  5345|  9604|
    +--------------------------------+---------------------+---------+-------+------+------+
    |Total                           |                     |        0|     57| 16586| 29640|
    +--------------------------------+---------------------+---------+-------+------+------+

    * DSP48: 
    +----------------------------+----------------------+----------------+
    |          Instance          |        Module        |   Expression   |
    +----------------------------+----------------------+----------------+
    |imTemplateMatching8j_x_U44  |imTemplateMatching8j  | (i0 + i1) * i2 |
    +----------------------------+----------------------+----------------+

    * Memory: 
    N/A

    * FIFO: 
    N/A

    * Expression: 
    +--------------------+----------+-------+---+----+------------+------------+
    |    Variable Name   | Operation| DSP48E| FF| LUT| Bitwidth P0| Bitwidth P1|
    +--------------------+----------+-------+---+----+------------+------------+
    |col_fu_279_p2       |     +    |      0|  0|  11|          11|           1|
    |next_mul_fu_241_p2  |     +    |      0|  0|  64|          11|          64|
    |row_fu_260_p2       |     +    |      0|  0|  11|           1|          11|
    |tmp_2_fu_289_p2     |     +    |      0|  0|  22|          22|          22|
    |tmp_3_fu_308_p2     |     +    |      0|  0|  22|          22|          22|
    |tmp_59_i_fu_299_p2  |     +    |      0|  0|  12|          12|          12|
    |tmp_52_i_fu_255_p2  |   icmp   |      0|  0|  11|          32|          32|
    |tmp_57_i_fu_274_p2  |   icmp   |      0|  0|  11|          32|          32|
    +--------------------+----------+-------+---+----+------------+------------+
    |Total               |          |      0|  0| 164|         143|         196|
    +--------------------+----------+-------+---+----+------------+------------+

    * Multiplexer: 
    +------------------------------------+----+-----------+-----+-----------+
    |                Name                | LUT| Input Size| Bits| Total Bits|
    +------------------------------------+----+-----------+-----+-----------+
    |ap_NS_fsm                           |   6|         14|    1|         14|
    |ap_sync_grp_imDiff_fu_208_ap_ready  |   1|          2|    1|          2|
    |col_i_reg_157                       |  11|          2|   11|         22|
    |imINPUT_read                        |   1|          2|    1|          2|
    |imOUTPUT_address0                   |  21|          5|   21|        105|
    |imOUTPUT_ce0                        |   1|          5|    1|          5|
    |imOUTPUT_d0                         |  32|          4|   32|        128|
    |imOUTPUT_we0                        |   1|          4|    1|          4|
    |phi_mul_reg_146                     |  64|          2|   64|        128|
    |row_i_reg_135                       |  11|          2|   11|         22|
    |tplINPUT_address0                   |  21|          3|   21|         63|
    |tplINPUT_ce0                        |   1|          3|    1|          3|
    |tplOUTPUT_address0                  |  21|          4|   21|         84|
    |tplOUTPUT_ce0                       |   1|          4|    1|          4|
    |tplOUTPUT_d0                        |  32|          3|   32|         96|
    |tplOUTPUT_we0                       |   1|          3|    1|          3|
    +------------------------------------+----+-----------+-----+-----------+
    |Total                               | 226|         62|  221|        685|
    +------------------------------------+----+-----------+-----+-----------+

    * Register: 
    +------------------------------------------------+----+----+-----+-----------+
    |                      Name                      | FF | LUT| Bits| Const Bits|
    +------------------------------------------------+----+----+-----+-----------+
    |ap_CS_fsm                                       |  13|   0|   13|          0|
    |ap_reg_grp_imDiff_fu_208_ap_start               |   1|   0|    1|          0|
    |ap_reg_grp_imGrayScale26_fu_196_ap_start        |   1|   0|    1|          0|
    |ap_reg_grp_imGrayScale_fu_184_ap_start          |   1|   0|    1|          0|
    |ap_reg_grp_imGreyNormalization_fu_168_ap_start  |   1|   0|    1|          0|
    |ap_reg_grp_imGreyNormalization_fu_176_ap_start  |   1|   0|    1|          0|
    |ap_sync_reg_grp_imDiff_fu_208_ap_ready          |   1|   0|    1|          0|
    |col_i_reg_157                                   |  11|   0|   11|          0|
    |col_reg_407                                     |  11|   0|   11|          0|
    |next_mul_reg_386                                |  64|   0|   64|          0|
    |phi_mul_reg_146                                 |  64|   0|   64|          0|
    |row_i_reg_135                                   |  11|   0|   11|          0|
    |row_reg_394                                     |  11|   0|   11|          0|
    |template_match_posit_1_fu_78                    |  11|   0|   11|          0|
    |template_match_posit_fu_74                      |  11|   0|   11|          0|
    |tmp_1_reg_399                                   |  22|   0|   22|          0|
    |tmp_3_reg_417                                   |  22|   0|   22|          0|
    |tmp_i_cast_9_reg_376                            |  12|   0|   12|          0|
    |tmp_i_cast_reg_371                              |  12|   0|   12|          0|
    |tmp_reg_381                                     |  22|   0|   22|          0|
    +------------------------------------------------+----+----+-----+-----------+
    |Total                                           | 303|   0|  303|          0|
    +------------------------------------------------+----+----+-----+-----------+



================================================================
== Interface
================================================================
* Summary: 
+--------------------+-----+-----+------------+--------------------+--------------+
|      RTL Ports     | Dir | Bits|  Protocol  |    Source Object   |    C Type    |
+--------------------+-----+-----+------------+--------------------+--------------+
|ap_clk              |  in |    1| ap_ctrl_hs | imTemplateMatching | return value |
|ap_rst              |  in |    1| ap_ctrl_hs | imTemplateMatching | return value |
|ap_start            |  in |    1| ap_ctrl_hs | imTemplateMatching | return value |
|ap_done             | out |    1| ap_ctrl_hs | imTemplateMatching | return value |
|ap_idle             | out |    1| ap_ctrl_hs | imTemplateMatching | return value |
|ap_ready            | out |    1| ap_ctrl_hs | imTemplateMatching | return value |
|imINPUT_dout        |  in |   32|   ap_fifo  |       imINPUT      |    pointer   |
|imINPUT_empty_n     |  in |    1|   ap_fifo  |       imINPUT      |    pointer   |
|imINPUT_read        | out |    1|   ap_fifo  |       imINPUT      |    pointer   |
|imOUTPUT_address0   | out |   21|  ap_memory |      imOUTPUT      |     array    |
|imOUTPUT_ce0        | out |    1|  ap_memory |      imOUTPUT      |     array    |
|imOUTPUT_we0        | out |    1|  ap_memory |      imOUTPUT      |     array    |
|imOUTPUT_d0         | out |   32|  ap_memory |      imOUTPUT      |     array    |
|imOUTPUT_q0         |  in |   32|  ap_memory |      imOUTPUT      |     array    |
|imHeight            |  in |   32|   ap_none  |      imHeight      |    scalar    |
|imWidth             |  in |   32|   ap_none  |       imWidth      |    scalar    |
|tplINPUT_address0   | out |   21|  ap_memory |      tplINPUT      |     array    |
|tplINPUT_ce0        | out |    1|  ap_memory |      tplINPUT      |     array    |
|tplINPUT_q0         |  in |   32|  ap_memory |      tplINPUT      |     array    |
|tplOUTPUT_address0  | out |   21|  ap_memory |      tplOUTPUT     |     array    |
|tplOUTPUT_ce0       | out |    1|  ap_memory |      tplOUTPUT     |     array    |
|tplOUTPUT_we0       | out |    1|  ap_memory |      tplOUTPUT     |     array    |
|tplOUTPUT_d0        | out |   32|  ap_memory |      tplOUTPUT     |     array    |
|tplOUTPUT_q0        |  in |   32|  ap_memory |      tplOUTPUT     |     array    |
|tplHeight           |  in |   32|   ap_none  |      tplHeight     |    scalar    |
|tplWidth            |  in |   32|   ap_none  |      tplWidth      |    scalar    |
+--------------------+-----+-----+------------+--------------------+--------------+

