

================================================================
== Vivado HLS Report for 'imTemplateMatching'
================================================================
* Date:           Wed Jan 27 23:59:52 2021

* Version:        2016.4 (Build 1756540 on Mon Jan 23 19:31:01 MST 2017)
* Project:        Task_1
* Solution:       solution1
* Product family: zynq
* Target device:  xc7z020clg484-1


================================================================
== Performance Estimates
================================================================
+ Timing (ns): 
    * Summary: 
    +--------+-------+----------+------------+
    |  Clock | Target| Estimated| Uncertainty|
    +--------+-------+----------+------------+
    |ap_clk  |  10.00|      8.62|        1.25|
    +--------+-------+----------+------------+

+ Latency (clock cycles): 
    * Summary: 
    +-----+------------+-----+------------+---------+
    |      Latency     |     Interval     | Pipeline|
    | min |     max    | min |     max    |   Type  |
    +-----+------------+-----+------------+---------+
    |   19|  1321067379|   20|  1321067380|   none  |
    +-----+------------+-----+------------+---------+

    + Detail: 
        * Instance: 
        N/A

        * Loop: 
        +----------+-----+--------+----------+-----------+-----------+---------+----------+
        |          |    Latency   | Iteration|  Initiation Interval  |   Trip  |          |
        | Loop Name| min |   max  |  Latency |  achieved |   target  |  Count  | Pipelined|
        +----------+-----+--------+----------+-----------+-----------+---------+----------+
        |- L110    |    0|  200400| 2 ~ 1002 |          -|          -| 0 ~ 200 |    no    |
        | + L111   |    0|    1000|         5|          -|          -| 0 ~ 200 |    no    |
        +----------+-----+--------+----------+-----------+-----------+---------+----------+

============================================================
+ Verbose Summary: Synthesis Manager
============================================================
InlineROM: 1
ExposeGlobal: 0
============================================================
+ Verbose Summary: CDFG Model
============================================================
IsTopModel: 1
ResetActiveHigh: 1
IsCombinational: 0
IsDatapathOnly: 0
HasWiredReturn: 1
HasMFsm: 0
HasVarLatency: 1
IsPipeline: 0
IsRtlPipelined: 0
IsInstanceOverlapped: 0
IsDontTouch: 0
HasImplIP: 0
IsGatedGlobalClock: 0


============================================================
+ Verbose Summary: Schedule
============================================================
* Number of FSM states: 13
* Pipeline: 0
* Dataflow Pipeline: 0

* FSM state transitions: 
1 --> 
	2  / true
2 --> 
	3  / true
3 --> 
	4  / true
4 --> 
	5  / true
5 --> 
	6  / true
6 --> 
	7  / true
7 --> 
	8  / true
8 --> 
	9  / (tmp_52_i)
9 --> 
	10  / (tmp_57_i)
	8  / (!tmp_57_i)
10 --> 
	11  / true
11 --> 
	12  / true
12 --> 
	13  / true
13 --> 
	9  / true
* FSM state operations: 

 <State 1>: 0.00ns
ST_1: tplWidth_read (19)  [1/1] 0.00ns
:10  %tplWidth_read = call i32 @_ssdm_op_Read.ap_auto.i32(i32 %tplWidth) nounwind

ST_1: tplHeight_read (20)  [1/1] 0.00ns
:11  %tplHeight_read = call i32 @_ssdm_op_Read.ap_auto.i32(i32 %tplHeight) nounwind

ST_1: imWidth_read (21)  [1/1] 0.00ns
:12  %imWidth_read = call i32 @_ssdm_op_Read.ap_auto.i32(i32 %imWidth) nounwind

ST_1: imHeight_read (22)  [1/1] 0.00ns
:13  %imHeight_read = call i32 @_ssdm_op_Read.ap_auto.i32(i32 %imHeight) nounwind

ST_1: template_match_posit (23)  [1/1] 0.00ns  loc: imProcessing.cpp:236
:14  %template_match_posit = alloca i11, align 2

ST_1: template_match_posit_1 (24)  [1/1] 0.00ns  loc: imProcessing.cpp:236
:15  %template_match_posit_1 = alloca i11, align 2

ST_1: template_match_posit_2 (25)  [1/1] 0.00ns  loc: imProcessing.cpp:236
:16  %template_match_posit_2 = alloca i32, align 4

ST_1: StgValue_21 (26)  [2/2] 0.00ns  loc: imProcessing.cpp:238
:17  call fastcc void @imGrayScale26(i32* %imINPUT, [1440000 x i32]* %imOUTPUT, i32 %imHeight_read, i32 %imWidth_read) nounwind

ST_1: StgValue_22 (27)  [2/2] 0.00ns  loc: imProcessing.cpp:239
:18  call fastcc void @imGrayScale([1440000 x i32]* %tplINPUT, [1440000 x i32]* %tplOUTPUT, i32 %tplHeight_read, i32 %tplWidth_read) nounwind


 <State 2>: 0.00ns
ST_2: StgValue_23 (26)  [1/2] 0.00ns  loc: imProcessing.cpp:238
:17  call fastcc void @imGrayScale26(i32* %imINPUT, [1440000 x i32]* %imOUTPUT, i32 %imHeight_read, i32 %imWidth_read) nounwind

ST_2: StgValue_24 (27)  [1/2] 0.00ns  loc: imProcessing.cpp:239
:18  call fastcc void @imGrayScale([1440000 x i32]* %tplINPUT, [1440000 x i32]* %tplOUTPUT, i32 %tplHeight_read, i32 %tplWidth_read) nounwind


 <State 3>: 1.57ns
ST_3: StgValue_25 (28)  [2/2] 1.57ns
:19  call fastcc void @imGreyNormalization([1440000 x i32]* %imOUTPUT, i32 %imHeight_read, i32 %imWidth_read) nounwind

ST_3: StgValue_26 (29)  [2/2] 1.57ns
:20  call fastcc void @imGreyNormalization([1440000 x i32]* %tplOUTPUT, i32 %tplWidth_read, i32 %imWidth_read) nounwind


 <State 4>: 0.00ns
ST_4: StgValue_27 (28)  [1/2] 0.00ns
:19  call fastcc void @imGreyNormalization([1440000 x i32]* %imOUTPUT, i32 %imHeight_read, i32 %imWidth_read) nounwind

ST_4: StgValue_28 (29)  [1/2] 0.00ns
:20  call fastcc void @imGreyNormalization([1440000 x i32]* %tplOUTPUT, i32 %tplWidth_read, i32 %imWidth_read) nounwind


 <State 5>: 0.00ns
ST_5: StgValue_29 (30)  [2/2] 0.00ns  loc: imProcessing.cpp:244
:21  call fastcc void @imDiff([1440000 x i32]* %imOUTPUT, i32 %imHeight_read, i32 %imWidth_read, [1440000 x i32]* %tplOUTPUT, i32 %tplHeight_read, i32 %tplWidth_read, i11* %template_match_posit, i11* %template_match_posit_1, i32* %template_match_posit_2) nounwind


 <State 6>: 0.00ns
ST_6: StgValue_30 (30)  [1/2] 0.00ns  loc: imProcessing.cpp:244
:21  call fastcc void @imDiff([1440000 x i32]* %imOUTPUT, i32 %imHeight_read, i32 %imWidth_read, [1440000 x i32]* %tplOUTPUT, i32 %tplHeight_read, i32 %tplWidth_read, i11* %template_match_posit, i11* %template_match_posit_1, i32* %template_match_posit_2) nounwind


 <State 7>: 1.57ns
ST_7: empty (9)  [1/1] 0.00ns
:0  %empty = call i32 (...)* @_ssdm_op_SpecInterface(i32* %imINPUT, [8 x i8]* @ap_fifo_str, i32 0, i32 0, [1 x i8]* @p_str, i32 0, i32 0, [1 x i8]* @p_str, [1 x i8]* @p_str, [1 x i8]* @p_str, i32 2, i32 2, i32 16, i32 16, [1 x i8]* @p_str, [1 x i8]* @p_str) nounwind

ST_7: StgValue_32 (10)  [1/1] 0.00ns
:1  call void (...)* @_ssdm_op_SpecBitsMap(i32* %imINPUT) nounwind, !map !398

ST_7: StgValue_33 (11)  [1/1] 0.00ns
:2  call void (...)* @_ssdm_op_SpecBitsMap([1440000 x i32]* %imOUTPUT) nounwind, !map !404

ST_7: StgValue_34 (12)  [1/1] 0.00ns
:3  call void (...)* @_ssdm_op_SpecBitsMap(i32 %imHeight) nounwind, !map !408

ST_7: StgValue_35 (13)  [1/1] 0.00ns
:4  call void (...)* @_ssdm_op_SpecBitsMap(i32 %imWidth) nounwind, !map !414

ST_7: StgValue_36 (14)  [1/1] 0.00ns
:5  call void (...)* @_ssdm_op_SpecBitsMap([1440000 x i32]* %tplINPUT) nounwind, !map !418

ST_7: StgValue_37 (15)  [1/1] 0.00ns
:6  call void (...)* @_ssdm_op_SpecBitsMap([1440000 x i32]* %tplOUTPUT) nounwind, !map !422

ST_7: StgValue_38 (16)  [1/1] 0.00ns
:7  call void (...)* @_ssdm_op_SpecBitsMap(i32 %tplHeight) nounwind, !map !426

ST_7: StgValue_39 (17)  [1/1] 0.00ns
:8  call void (...)* @_ssdm_op_SpecBitsMap(i32 %tplWidth) nounwind, !map !430

ST_7: StgValue_40 (18)  [1/1] 0.00ns
:9  call void (...)* @_ssdm_op_SpecTopModule([19 x i8]* @imTemplateMatching_s) nounwind

ST_7: col_offset (31)  [1/1] 0.00ns  loc: imProcessing.cpp:246
:22  %col_offset = load i11* %template_match_posit, align 2

ST_7: row_offset (32)  [1/1] 0.00ns  loc: imProcessing.cpp:246
:23  %row_offset = load i11* %template_match_posit_1, align 2

ST_7: tmp_i_cast (33)  [1/1] 0.00ns  loc: imProcessing.cpp:213->imProcessing.cpp:246
:24  %tmp_i_cast = sext i11 %col_offset to i12

ST_7: tmp_i_cast_9 (34)  [1/1] 0.00ns  loc: imProcessing.cpp:209->imProcessing.cpp:246
:25  %tmp_i_cast_9 = sext i11 %row_offset to i12

ST_7: StgValue_45 (35)  [1/1] 1.57ns  loc: imProcessing.cpp:209->imProcessing.cpp:246
:26  br label %1


 <State 8>: 6.38ns
ST_8: row_i (37)  [1/1] 0.00ns
:0  %row_i = phi i11 [ 0, %0 ], [ %row, %5 ]

ST_8: phi_mul (38)  [1/1] 0.00ns
:1  %phi_mul = phi i64 [ 0, %0 ], [ %next_mul, %5 ]

ST_8: tmp (39)  [1/1] 0.00ns
:2  %tmp = trunc i64 %phi_mul to i22

ST_8: next_mul (40)  [1/1] 3.40ns
:3  %next_mul = add i64 1200, %phi_mul

ST_8: tmp_51_i (41)  [1/1] 0.00ns  loc: imProcessing.cpp:209->imProcessing.cpp:246
:4  %tmp_51_i = sext i11 %row_i to i32

ST_8: tmp_51_i_cast (42)  [1/1] 0.00ns  loc: imProcessing.cpp:209->imProcessing.cpp:246
:5  %tmp_51_i_cast = sext i11 %row_i to i12

ST_8: tmp_52_i (43)  [1/1] 2.52ns  loc: imProcessing.cpp:209->imProcessing.cpp:246
:6  %tmp_52_i = icmp slt i32 %tmp_51_i, %tplHeight_read

ST_8: row (44)  [1/1] 1.84ns  loc: imProcessing.cpp:209->imProcessing.cpp:246
:7  %row = add i11 1, %row_i

ST_8: StgValue_54 (45)  [1/1] 0.00ns  loc: imProcessing.cpp:209->imProcessing.cpp:246
:8  br i1 %tmp_52_i, label %2, label %imConstructOutputImage.exit

ST_8: StgValue_55 (47)  [1/1] 0.00ns  loc: imProcessing.cpp:209->imProcessing.cpp:246
:0  call void (...)* @_ssdm_op_SpecLoopName([5 x i8]* @p_str1132) nounwind

ST_8: tmp_23_i (48)  [1/1] 0.00ns  loc: imProcessing.cpp:209->imProcessing.cpp:246
:1  %tmp_23_i = call i32 (...)* @_ssdm_op_SpecRegionBegin([5 x i8]* @p_str1132) nounwind

ST_8: StgValue_57 (49)  [1/1] 0.00ns  loc: imProcessing.cpp:210->imProcessing.cpp:246
:2  call void (...)* @_ssdm_op_SpecLoopTripCount(i32 0, i32 200, i32 100, [1 x i8]* @p_str122) nounwind

ST_8: tmp_54_i (50)  [1/1] 0.00ns  loc: imProcessing.cpp:213->imProcessing.cpp:246
:3  %tmp_54_i = add i12 %tmp_i_cast_9, %tmp_51_i_cast

ST_8: tmp_55_i_cast (51)  [1/1] 0.00ns  loc: imProcessing.cpp:213->imProcessing.cpp:246
:4  %tmp_55_i_cast = sext i12 %tmp_54_i to i22

ST_8: tmp_1 (52)  [1/1] 6.38ns  loc: imProcessing.cpp:213->imProcessing.cpp:246
:5  %tmp_1 = mul i22 %tmp_55_i_cast, 1200

ST_8: StgValue_61 (53)  [1/1] 1.57ns  loc: imProcessing.cpp:211->imProcessing.cpp:246
:6  br label %3

ST_8: StgValue_62 (82)  [1/1] 0.00ns  loc: imProcessing.cpp:249
imConstructOutputImage.exit:0  ret void


 <State 9>: 4.81ns
ST_9: col_i (55)  [1/1] 0.00ns
:0  %col_i = phi i11 [ 0, %2 ], [ %col, %4 ]

ST_9: tmp_56_i (56)  [1/1] 0.00ns  loc: imProcessing.cpp:211->imProcessing.cpp:246
:1  %tmp_56_i = sext i11 %col_i to i32

ST_9: tmp_56_i_cast (57)  [1/1] 0.00ns  loc: imProcessing.cpp:211->imProcessing.cpp:246
:2  %tmp_56_i_cast = sext i11 %col_i to i12

ST_9: tmp_57_i (58)  [1/1] 2.52ns  loc: imProcessing.cpp:211->imProcessing.cpp:246
:3  %tmp_57_i = icmp slt i32 %tmp_56_i, %tplWidth_read

ST_9: col (59)  [1/1] 1.84ns  loc: imProcessing.cpp:211->imProcessing.cpp:246
:4  %col = add i11 %col_i, 1

ST_9: StgValue_68 (60)  [1/1] 0.00ns  loc: imProcessing.cpp:211->imProcessing.cpp:246
:5  br i1 %tmp_57_i, label %4, label %5

ST_9: tmp_58_i_cast (65)  [1/1] 0.00ns  loc: imProcessing.cpp:213->imProcessing.cpp:246
:3  %tmp_58_i_cast = sext i11 %col_i to i22

ST_9: tmp_2 (66)  [1/1] 2.20ns  loc: imProcessing.cpp:213->imProcessing.cpp:246
:4  %tmp_2 = add i22 %tmp, %tmp_58_i_cast

ST_9: tmp_2_cast (67)  [1/1] 0.00ns  loc: imProcessing.cpp:213->imProcessing.cpp:246
:5  %tmp_2_cast = zext i22 %tmp_2 to i64

ST_9: tplINPUT_addr (68)  [1/1] 0.00ns  loc: imProcessing.cpp:213->imProcessing.cpp:246
:6  %tplINPUT_addr = getelementptr [1440000 x i32]* %tplINPUT, i64 0, i64 %tmp_2_cast

ST_9: tplINPUT_load (69)  [4/4] 2.61ns  loc: imProcessing.cpp:213->imProcessing.cpp:246
:7  %tplINPUT_load = load volatile i32* %tplINPUT_addr, align 4

ST_9: tmp_59_i (70)  [1/1] 1.84ns  loc: imProcessing.cpp:213->imProcessing.cpp:246
:8  %tmp_59_i = add i12 %tmp_i_cast, %tmp_56_i_cast

ST_9: tmp_60_i_cast (71)  [1/1] 0.00ns  loc: imProcessing.cpp:213->imProcessing.cpp:246
:9  %tmp_60_i_cast = sext i12 %tmp_59_i to i22

ST_9: tmp_3 (72)  [1/1] 2.20ns  loc: imProcessing.cpp:213->imProcessing.cpp:246
:10  %tmp_3 = add i22 %tmp_1, %tmp_60_i_cast

ST_9: empty_11 (79)  [1/1] 0.00ns  loc: imProcessing.cpp:216->imProcessing.cpp:246
:0  %empty_11 = call i32 (...)* @_ssdm_op_SpecRegionEnd([5 x i8]* @p_str1132, i32 %tmp_23_i) nounwind

ST_9: StgValue_78 (80)  [1/1] 0.00ns  loc: imProcessing.cpp:209->imProcessing.cpp:246
:1  br label %1


 <State 10>: 2.61ns
ST_10: tplINPUT_load (69)  [3/4] 2.61ns  loc: imProcessing.cpp:213->imProcessing.cpp:246
:7  %tplINPUT_load = load volatile i32* %tplINPUT_addr, align 4


 <State 11>: 2.61ns
ST_11: tplINPUT_load (69)  [2/4] 2.61ns  loc: imProcessing.cpp:213->imProcessing.cpp:246
:7  %tplINPUT_load = load volatile i32* %tplINPUT_addr, align 4


 <State 12>: 5.22ns
ST_12: tplINPUT_load (69)  [1/4] 2.61ns  loc: imProcessing.cpp:213->imProcessing.cpp:246
:7  %tplINPUT_load = load volatile i32* %tplINPUT_addr, align 4

ST_12: tmp_3_cast (73)  [1/1] 0.00ns  loc: imProcessing.cpp:213->imProcessing.cpp:246
:11  %tmp_3_cast = sext i22 %tmp_3 to i64

ST_12: imOUTPUT_addr (74)  [1/1] 0.00ns  loc: imProcessing.cpp:213->imProcessing.cpp:246
:12  %imOUTPUT_addr = getelementptr [1440000 x i32]* %imOUTPUT, i64 0, i64 %tmp_3_cast

ST_12: StgValue_84 (75)  [2/2] 2.61ns  loc: imProcessing.cpp:213->imProcessing.cpp:246
:13  store i32 %tplINPUT_load, i32* %imOUTPUT_addr, align 4


 <State 13>: 2.61ns
ST_13: StgValue_85 (62)  [1/1] 0.00ns  loc: imProcessing.cpp:211->imProcessing.cpp:246
:0  call void (...)* @_ssdm_op_SpecLoopName([5 x i8]* @p_str1233) nounwind

ST_13: tmp_24_i (63)  [1/1] 0.00ns  loc: imProcessing.cpp:211->imProcessing.cpp:246
:1  %tmp_24_i = call i32 (...)* @_ssdm_op_SpecRegionBegin([5 x i8]* @p_str1233) nounwind

ST_13: StgValue_87 (64)  [1/1] 0.00ns  loc: imProcessing.cpp:212->imProcessing.cpp:246
:2  call void (...)* @_ssdm_op_SpecLoopTripCount(i32 0, i32 200, i32 100, [1 x i8]* @p_str122) nounwind

ST_13: StgValue_88 (75)  [1/2] 2.61ns  loc: imProcessing.cpp:213->imProcessing.cpp:246
:13  store i32 %tplINPUT_load, i32* %imOUTPUT_addr, align 4

ST_13: empty_10 (76)  [1/1] 0.00ns  loc: imProcessing.cpp:214->imProcessing.cpp:246
:14  %empty_10 = call i32 (...)* @_ssdm_op_SpecRegionEnd([5 x i8]* @p_str1233, i32 %tmp_24_i) nounwind

ST_13: StgValue_90 (77)  [1/1] 0.00ns  loc: imProcessing.cpp:211->imProcessing.cpp:246
:15  br label %3



============================================================
+ Verbose Summary: Timing violations
============================================================
Target clock period: 10ns, clock uncertainty: 1.25ns.

 <State 1>: 0ns
The critical path consists of the following:

 <State 2>: 0ns
The critical path consists of the following:

 <State 3>: 1.57ns
The critical path consists of the following:
	'call' operation to 'imGreyNormalization' [28]  (1.57 ns)

 <State 4>: 0ns
The critical path consists of the following:

 <State 5>: 0ns
The critical path consists of the following:

 <State 6>: 0ns
The critical path consists of the following:

 <State 7>: 1.57ns
The critical path consists of the following:
	multiplexor before 'phi' operation ('row') with incoming values : ('row', imProcessing.cpp:209->imProcessing.cpp:246) [37]  (1.57 ns)

 <State 8>: 6.38ns
The critical path consists of the following:
	'phi' operation ('row') with incoming values : ('row', imProcessing.cpp:209->imProcessing.cpp:246) [37]  (0 ns)
	'add' operation ('tmp_54_i', imProcessing.cpp:213->imProcessing.cpp:246) [50]  (0 ns)
	'mul' operation ('tmp_1', imProcessing.cpp:213->imProcessing.cpp:246) [52]  (6.38 ns)

 <State 9>: 4.81ns
The critical path consists of the following:
	'phi' operation ('col') with incoming values : ('col', imProcessing.cpp:211->imProcessing.cpp:246) [55]  (0 ns)
	'add' operation ('tmp_2', imProcessing.cpp:213->imProcessing.cpp:246) [66]  (2.2 ns)
	'getelementptr' operation ('tplINPUT_addr', imProcessing.cpp:213->imProcessing.cpp:246) [68]  (0 ns)
	'load' operation ('tplINPUT_load', imProcessing.cpp:213->imProcessing.cpp:246) on array 'tplINPUT' [69]  (2.61 ns)

 <State 10>: 2.61ns
The critical path consists of the following:
	'load' operation ('tplINPUT_load', imProcessing.cpp:213->imProcessing.cpp:246) on array 'tplINPUT' [69]  (2.61 ns)

 <State 11>: 2.61ns
The critical path consists of the following:
	'load' operation ('tplINPUT_load', imProcessing.cpp:213->imProcessing.cpp:246) on array 'tplINPUT' [69]  (2.61 ns)

 <State 12>: 5.22ns
The critical path consists of the following:
	'load' operation ('tplINPUT_load', imProcessing.cpp:213->imProcessing.cpp:246) on array 'tplINPUT' [69]  (2.61 ns)
	'store' operation (imProcessing.cpp:213->imProcessing.cpp:246) of variable 'tplINPUT_load', imProcessing.cpp:213->imProcessing.cpp:246 on array 'imOUTPUT' [75]  (2.61 ns)

 <State 13>: 2.61ns
The critical path consists of the following:
	'store' operation (imProcessing.cpp:213->imProcessing.cpp:246) of variable 'tplINPUT_load', imProcessing.cpp:213->imProcessing.cpp:246 on array 'imOUTPUT' [75]  (2.61 ns)


============================================================
+ Verbose Summary: Binding
============================================================
N/A
* FSMD analyzer results:
  - Output states:
 - Input state : 
  - Chain level:
	State 1
	State 2
	State 3
	State 4
	State 5
	State 6
	State 7
	State 8
	State 9
	State 10
	State 11
	State 12
	State 13


============================================================
+ Verbose Summary: Datapath Resource usage 
============================================================
N/A
