==============================================================
File generated by Vivado(TM) HLS - High-Level Synthesis from C, C++ and SystemC
Version: 2016.4
Copyright (C) 1986-2017 Xilinx, Inc. All Rights Reserved.

==============================================================

@I [SYN-201] Setting up clock 'default' with a period of 10ns.
@I [HLS-10] Setting target device to 'xc7z020clg484-1'
@I [HLS-10] Analyzing design file 'ap_bmp.cpp' ... 
@W [HLS-40] ap_bmp.cpp:51:1: warning: control may reach end of non-void function [-Wreturn-type]
}
^
ap_bmp.cpp:61:1: warning: control may reach end of non-void function [-Wreturn-type]
}
^
2 warnings generated.

@I [HLS-10] Analyzing design file 'imProcessing.cpp' ... 
@I [HLS-10] Validating synthesis directives ...
@I [HLS-111] Finished Checking Pragmas Time (s): cpu = 00:00:04 ; elapsed = 00:00:03 . Memory (MB): peak = 324.848 ; gain = 12.586 ; free physical = 1209 ; free virtual = 6303
@I [HLS-111] Finished Linking Time (s): cpu = 00:00:04 ; elapsed = 00:00:03 . Memory (MB): peak = 324.848 ; gain = 12.586 ; free physical = 1208 ; free virtual = 6303
@I [HLS-10] Starting code transformations ...
@I [XFORM-603] Inlining function 'ap_fixed_base<112, 60, false, (ap_q_mode)5, (ap_o_mode)3, 0>::operator<<' into 'hls::cast_IEEE754<unsigned char, double>' (/wrk/2016.4/nightly/2017_01_23_1756540/src/products/hls/hls_lib/src/hls/hls_round.h:395).
@I [XFORM-603] Inlining function 'ap_fixed_base<112, 60, false, (ap_q_mode)5, (ap_o_mode)3, 0>::operator<<' into 'hls::cast_IEEE754<signed char, double>' (/wrk/2016.4/nightly/2017_01_23_1756540/src/products/hls/hls_lib/src/hls/hls_round.h:371).
@I [XFORM-603] Inlining function 'ap_fixed_base<1, 9, false, (ap_q_mode)5, (ap_o_mode)0, 0>::overflow_adjust' into 'ap_fixed_base<1, 9, false, (ap_q_mode)5, (ap_o_mode)0, 0>::ap_fixed_base<60, 60, false, (ap_q_mode)5, (ap_o_mode)3, 0>' ().
@I [HLS-111] Finished Standard Transforms Time (s): cpu = 00:00:06 ; elapsed = 00:00:06 . Memory (MB): peak = 516.844 ; gain = 204.582 ; free physical = 1098 ; free virtual = 6221
@I [HLS-10] Checking synthesizability ...
@I [XFORM-602] Inlining function 'fp_struct<double>::mantissa' into 'hls::cast_IEEE754<unsigned char, double>' (/wrk/2016.4/nightly/2017_01_23_1756540/src/products/hls/hls_lib/src/hls/hls_round.h:392) automatically.
@I [XFORM-602] Inlining function 'fp_struct<double>::expv' into 'hls::cast_IEEE754<unsigned char, double>' (/wrk/2016.4/nightly/2017_01_23_1756540/src/products/hls/hls_lib/src/hls/hls_round.h:395) automatically.
@I [XFORM-602] Inlining function 'fp_struct<double>::__signbit' into 'hls::cast_IEEE754<unsigned char, double>' (/wrk/2016.4/nightly/2017_01_23_1756540/src/products/hls/hls_lib/src/hls/hls_round.h:402) automatically.
@I [XFORM-602] Inlining function 'hls::cast_IEEE754<unsigned char, double>' into '__hls_fptoui_double_i8' (/wrk/2016.4/nightly/2017_01_23_1756540/src/products/hls/hls_lib/src/lib_floatconversion.cpp:51) automatically.
@I [XFORM-602] Inlining function '__hls_fptoui_double_i8' into 'imGrayScale' (imProcessing.cpp:58) automatically.
@I [XFORM-602] Inlining function 'fp_struct<double>::mantissa' into 'hls::cast_IEEE754<signed char, double>' (/wrk/2016.4/nightly/2017_01_23_1756540/src/products/hls/hls_lib/src/hls/hls_round.h:368) automatically.
@I [XFORM-602] Inlining function 'fp_struct<double>::expv' into 'hls::cast_IEEE754<signed char, double>' (/wrk/2016.4/nightly/2017_01_23_1756540/src/products/hls/hls_lib/src/hls/hls_round.h:371) automatically.
@I [XFORM-602] Inlining function 'fp_struct<double>::__signbit' into 'hls::cast_IEEE754<signed char, double>' (/wrk/2016.4/nightly/2017_01_23_1756540/src/products/hls/hls_lib/src/hls/hls_round.h:383) automatically.
@I [XFORM-602] Inlining function 'hls::cast_IEEE754<signed char, double>' into '__hls_fptosi_double_i8' (/wrk/2016.4/nightly/2017_01_23_1756540/src/products/hls/hls_lib/src/lib_floatconversion.cpp:41) automatically.
@I [XFORM-602] Inlining function '__hls_fptosi_double_i8' into 'imGreyNormalization' (imProcessing.cpp:134) automatically.
@I [XFORM-602] Inlining function 'imConstructOutputImage' into 'imTemplateMatching' (imProcessing.cpp:244) automatically.
@I [HLS-111] Finished Checking Synthesizability Time (s): cpu = 00:00:07 ; elapsed = 00:00:07 . Memory (MB): peak = 521.871 ; gain = 209.609 ; free physical = 1024 ; free virtual = 6156
@I [XFORM-501] Unrolling loop 'L99' (imProcessing.cpp:168) in function 'imDiff' partially with a factor of 4.
@I [XFORM-501] Unrolling loop 'L33' (imProcessing.cpp:100) in function 'imGreyNormalization' partially with a factor of 4.
@I [XFORM-501] Unrolling loop 'L55' (imProcessing.cpp:123) in function 'imGreyNormalization' partially with a factor of 4.
@I [XFORM-602] Inlining function 'fp_struct<double>::mantissa' into 'hls::cast_IEEE754<unsigned char, double>' (/wrk/2016.4/nightly/2017_01_23_1756540/src/products/hls/hls_lib/src/hls/hls_round.h:392) automatically.
@I [XFORM-602] Inlining function 'fp_struct<double>::expv' into 'hls::cast_IEEE754<unsigned char, double>' (/wrk/2016.4/nightly/2017_01_23_1756540/src/products/hls/hls_lib/src/hls/hls_round.h:395) automatically.
@I [XFORM-602] Inlining function 'hls::cast_IEEE754<unsigned char, double>' into '__hls_fptoui_double_i8' (/wrk/2016.4/nightly/2017_01_23_1756540/src/products/hls/hls_lib/src/lib_floatconversion.cpp:51) automatically.
@I [XFORM-602] Inlining function '__hls_fptoui_double_i8' into 'imGrayScale' (imProcessing.cpp:58) automatically.
@I [XFORM-602] Inlining function 'fp_struct<double>::mantissa' into 'hls::cast_IEEE754<signed char, double>' (/wrk/2016.4/nightly/2017_01_23_1756540/src/products/hls/hls_lib/src/hls/hls_round.h:368) automatically.
@I [XFORM-602] Inlining function 'fp_struct<double>::expv' into 'hls::cast_IEEE754<signed char, double>' (/wrk/2016.4/nightly/2017_01_23_1756540/src/products/hls/hls_lib/src/hls/hls_round.h:371) automatically.
@I [XFORM-602] Inlining function 'fp_struct<double>::__signbit' into 'hls::cast_IEEE754<signed char, double>' (/wrk/2016.4/nightly/2017_01_23_1756540/src/products/hls/hls_lib/src/hls/hls_round.h:383) automatically.
@I [XFORM-602] Inlining function 'hls::cast_IEEE754<signed char, double>' into '__hls_fptosi_double_i8' (/wrk/2016.4/nightly/2017_01_23_1756540/src/products/hls/hls_lib/src/lib_floatconversion.cpp:41) automatically.
@I [XFORM-602] Inlining function '__hls_fptosi_double_i8' into 'imGreyNormalization' (imProcessing.cpp:134) automatically.
@I [XFORM-602] Inlining function 'imConstructOutputImage' into 'imTemplateMatching' (imProcessing.cpp:244) automatically.
@I [XFORM-721] Changing loop 'Loop_L66_proc' (imProcessing.cpp:160) to a process function for dataflow in function 'imDiff'.
@I [XFORM-712] Applying dataflow to function 'imDiff' (imProcessing.cpp:143), detected/extracted 1 process function(s):
	 'imDiff_Loop_L66_proc'.
@I [HLS-111] Finished Pre-synthesis Time (s): cpu = 00:00:08 ; elapsed = 00:00:09 . Memory (MB): peak = 596.848 ; gain = 284.586 ; free physical = 866 ; free virtual = 6044
@W [XFORM-152] Cannot apply array mapping directives (imProcessing.cpp:38:1) on a non-argument of top module variable 'imINPUT' (imProcessing.cpp:25).
@I [HLS-111] Finished Architecture Synthesis Time (s): cpu = 00:00:10 ; elapsed = 00:00:10 . Memory (MB): peak = 724.848 ; gain = 412.586 ; free physical = 791 ; free virtual = 5984
@I [HLS-10] Starting hardware synthesis ...
@I [HLS-10] Synthesizing 'imTemplateMatching' ...
@W [SYN-223] Checking resource limit in 'imGrayScale': cannot find any callsite of 'imGrayScale'.
@W [SYN-223] Checking resource limit in 'imGreyNormalization': cannot find any callsite of 'imGreyNormalization'.
@I [HLS-10] ----------------------------------------------------------------
@I [HLS-10] -- Implementing module 'imGrayScale' 
@I [HLS-10] ----------------------------------------------------------------
@I [SCHED-11] Starting scheduling ...
@I [SCHED-11] Finished scheduling.
@I [HLS-111]  Elapsed time: 10.1 seconds; current allocated memory: 331.313 MB.
@I [BIND-100] Starting micro-architecture generation ...
@I [BIND-101] Performing variable lifetime analysis.
@I [BIND-101] Exploring resource sharing.
@I [BIND-101] Binding ...
@I [BIND-100] Finished micro-architecture generation.
@I [HLS-111]  Elapsed time: 0.05 seconds; current allocated memory: 331.758 MB.
@I [HLS-10] ----------------------------------------------------------------
@I [HLS-10] -- Implementing module 'imGreyNormalization' 
@I [HLS-10] ----------------------------------------------------------------
@I [SCHED-11] Starting scheduling ...
@I [SCHED-11] Finished scheduling.
@I [HLS-111]  Elapsed time: 0.26 seconds; current allocated memory: 333.851 MB.
@I [BIND-100] Starting micro-architecture generation ...
@I [BIND-101] Performing variable lifetime analysis.
@I [BIND-101] Exploring resource sharing.
@I [BIND-101] Binding ...
@I [BIND-100] Finished micro-architecture generation.
@I [HLS-111]  Elapsed time: 0.17 seconds; current allocated memory: 335.626 MB.
@I [HLS-10] ----------------------------------------------------------------
@I [HLS-10] -- Implementing module 'imDiff_Loop_L66_proc' 
@I [HLS-10] ----------------------------------------------------------------
@I [SCHED-11] Starting scheduling ...
@I [SCHED-11] Finished scheduling.
@I [HLS-111]  Elapsed time: 0.27 seconds; current allocated memory: 336.387 MB.
@I [BIND-100] Starting micro-architecture generation ...
@I [BIND-101] Performing variable lifetime analysis.
@I [BIND-101] Exploring resource sharing.
@I [BIND-101] Binding ...
@I [BIND-100] Finished micro-architecture generation.
@I [HLS-111]  Elapsed time: 0.07 seconds; current allocated memory: 336.987 MB.
@I [HLS-10] ----------------------------------------------------------------
@I [HLS-10] -- Implementing module 'imDiff' 
@I [HLS-10] ----------------------------------------------------------------
@I [SCHED-11] Starting scheduling ...
@I [SCHED-11] Finished scheduling.
@I [HLS-111]  Elapsed time: 0.1 seconds; current allocated memory: 337.134 MB.
@I [BIND-100] Starting micro-architecture generation ...
@I [BIND-101] Performing variable lifetime analysis.
@I [BIND-101] Exploring resource sharing.
@I [BIND-101] Binding ...
@I [BIND-100] Finished micro-architecture generation.
@I [HLS-111]  Elapsed time: 0.02 seconds; current allocated memory: 337.199 MB.
@I [HLS-10] ----------------------------------------------------------------
@I [HLS-10] -- Implementing module 'imTemplateMatching' 
@I [HLS-10] ----------------------------------------------------------------
@I [SCHED-11] Starting scheduling ...
@I [SCHED-11] Finished scheduling.
@I [HLS-111]  Elapsed time: 0.08 seconds; current allocated memory: 337.491 MB.
@I [BIND-100] Starting micro-architecture generation ...
@I [BIND-101] Performing variable lifetime analysis.
@I [BIND-101] Exploring resource sharing.
@I [BIND-101] Binding ...
@I [BIND-100] Finished micro-architecture generation.
@I [HLS-111]  Elapsed time: 0.16 seconds; current allocated memory: 337.860 MB.
@I [HLS-10] ----------------------------------------------------------------
@I [HLS-10] -- Generating RTL for module 'imGrayScale' 
@I [HLS-10] ----------------------------------------------------------------
@I [SYN-210] Renamed object name 'imTemplateMatching_dadd_64ns_64ns_64_5_full_dsp' to 'imTemplateMatchinbkb' due to the length limit 20
@I [SYN-210] Renamed object name 'imTemplateMatching_dmul_64ns_64ns_64_6_max_dsp' to 'imTemplateMatchincud' due to the length limit 20
@I [SYN-210] Renamed object name 'imTemplateMatching_sitodp_32ns_64_6' to 'imTemplateMatchindEe' due to the length limit 20
@I [RTGEN-100] Generating core module 'imTemplateMatchinbkb': 1 instance(s).
@I [RTGEN-100] Generating core module 'imTemplateMatchincud': 2 instance(s).
@I [RTGEN-100] Generating core module 'imTemplateMatchindEe': 2 instance(s).
@I [RTGEN-100] Finished creating RTL model for 'imGrayScale'.
@I [HLS-111]  Elapsed time: 0.2 seconds; current allocated memory: 338.625 MB.
@I [HLS-10] ----------------------------------------------------------------
@I [HLS-10] -- Generating RTL for module 'imGreyNormalization' 
@I [HLS-10] ----------------------------------------------------------------
@W [RTGEN-101] RTL name 'imTemplateMatchinbkb' is changed to 'imTemplateMatchinbkb_x' due to conflict.
@I [SYN-210] Renamed object name 'imTemplateMatching_ddiv_64ns_64ns_64_31' to 'imTemplateMatchineOg' due to the length limit 20
@I [SYN-210] Renamed object name 'imTemplateMatching_sitodp_32s_64_6' to 'imTemplateMatchinfYi' due to the length limit 20
@I [RTGEN-100] Generating core module 'imTemplateMatchinbkb': 1 instance(s).
@I [RTGEN-100] Generating core module 'imTemplateMatchineOg': 1 instance(s).
@I [RTGEN-100] Generating core module 'imTemplateMatchinfYi': 1 instance(s).
@I [RTGEN-100] Finished creating RTL model for 'imGreyNormalization'.
@I [HLS-111]  Elapsed time: 0.23 seconds; current allocated memory: 342.575 MB.
@I [HLS-10] ----------------------------------------------------------------
@I [HLS-10] -- Generating RTL for module 'imDiff_Loop_L66_proc' 
@I [HLS-10] ----------------------------------------------------------------
@I [SYN-210] Renamed object name 'imTemplateMatching_am_addmul_11s_11s_12ns_22_1' to 'imTemplateMatching8j' due to the length limit 20
@I [RTGEN-100] Generating core module 'imTemplateMatching8j': 1 instance(s).
@I [RTGEN-100] Finished creating RTL model for 'imDiff_Loop_L66_proc'.
@I [HLS-111]  Elapsed time: 0.47 seconds; current allocated memory: 348.922 MB.
@I [HLS-10] ----------------------------------------------------------------
@I [HLS-10] -- Generating RTL for module 'imDiff' 
@I [HLS-10] ----------------------------------------------------------------
@I [RTGEN-100] Finished creating RTL model for 'imDiff'.
@I [HLS-111]  Elapsed time: 0.2 seconds; current allocated memory: 351.398 MB.
@I [HLS-10] ----------------------------------------------------------------
@I [HLS-10] -- Generating RTL for module 'imTemplateMatching' 
@I [HLS-10] ----------------------------------------------------------------
@I [RTGEN-500] Setting interface mode on port 'imTemplateMatching/imINPUT' to 'ap_memory'.
@I [RTGEN-500] Setting interface mode on port 'imTemplateMatching/imOUTPUT' to 'ap_memory'.
@I [RTGEN-500] Setting interface mode on port 'imTemplateMatching/imHeight' to 'ap_none'.
@I [RTGEN-500] Setting interface mode on port 'imTemplateMatching/imWidth' to 'ap_none'.
@I [RTGEN-500] Setting interface mode on port 'imTemplateMatching/tplINPUT' to 'ap_memory'.
@I [RTGEN-500] Setting interface mode on port 'imTemplateMatching/tplOUTPUT' to 'ap_memory'.
@I [RTGEN-500] Setting interface mode on port 'imTemplateMatching/tplHeight' to 'ap_none'.
@I [RTGEN-500] Setting interface mode on port 'imTemplateMatching/tplWidth' to 'ap_none'.
@I [RTGEN-500] Setting interface mode on function 'imTemplateMatching' to 'ap_ctrl_hs'.
@W [RTGEN-101] RTL name 'imTemplateMatching8j' is changed to 'imTemplateMatching8j_x' due to conflict.
@I [RTGEN-100] Generating core module 'imTemplateMatching8j': 1 instance(s).
@I [RTGEN-100] Finished creating RTL model for 'imTemplateMatching'.
@I [HLS-111]  Elapsed time: 0.07 seconds; current allocated memory: 352.258 MB.
@I [HLS-111] Finished generating all RTL models Time (s): cpu = 00:00:12 ; elapsed = 00:00:13 . Memory (MB): peak = 724.848 ; gain = 412.586 ; free physical = 770 ; free virtual = 5974
@I [SYSC-301] Generating SystemC RTL for imTemplateMatching.
@I [VHDL-304] Generating VHDL RTL for imTemplateMatching.
@I [VLOG-307] Generating Verilog RTL for imTemplateMatching.
@I [HLS-112] Total elapsed time: 13.05 seconds; peak allocated memory: 352.258 MB.
