==============================================================
File generated by Vivado(TM) HLS - High-Level Synthesis from C, C++ and SystemC
Version: 2016.4
Copyright (C) 1986-2017 Xilinx, Inc. All Rights Reserved.

==============================================================

@I [SYN-201] Setting up clock 'default' with a period of 10ns.
@I [HLS-10] Setting target device to 'xc7z020clg484-1'
@I [SYN-201] Setting up clock 'default' with a period of 10ns.
@I [HLS-10] Analyzing design file 'imProcessing.cpp' ... 
@I [HLS-10] Analyzing design file 'ap_bmp.cpp' ... 
@W [HLS-40] ap_bmp.cpp:51:1: warning: control may reach end of non-void function [-Wreturn-type]
}
^
ap_bmp.cpp:61:1: warning: control may reach end of non-void function [-Wreturn-type]
}
^
ap_bmp.cpp:70:37: warning: format specifies type 'char *' but the argument has type 'FILE *' (aka '_IO_FILE *') [-Wformat]
    printf("ERROR: could not close %s\n",bmp_file);
                                   ~^    ~~~~~~~~
3 warnings generated.

@I [HLS-10] Validating synthesis directives ...
@I [HLS-111] Finished Checking Pragmas Time (s): cpu = 00:00:03 ; elapsed = 00:00:03 . Memory (MB): peak = 331.758 ; gain = 12.586 ; free physical = 937 ; free virtual = 6104
@I [HLS-111] Finished Linking Time (s): cpu = 00:00:03 ; elapsed = 00:00:03 . Memory (MB): peak = 331.758 ; gain = 12.586 ; free physical = 936 ; free virtual = 6104
@I [HLS-10] Starting code transformations ...
@I [HLS-111] Finished Standard Transforms Time (s): cpu = 00:00:05 ; elapsed = 00:00:05 . Memory (MB): peak = 523.754 ; gain = 204.582 ; free physical = 820 ; free virtual = 6022
@I [HLS-10] Checking synthesizability ...
@I [HLS-111] Finished Checking Synthesizability Time (s): cpu = 00:00:05 ; elapsed = 00:00:06 . Memory (MB): peak = 528.176 ; gain = 209.004 ; free physical = 745 ; free virtual = 5957
@I [HLS-111] Finished Pre-synthesis Time (s): cpu = 00:00:06 ; elapsed = 00:00:08 . Memory (MB): peak = 604.211 ; gain = 285.039 ; free physical = 607 ; free virtual = 5862
@I [HLS-111] Finished Architecture Synthesis Time (s): cpu = 00:00:07 ; elapsed = 00:00:08 . Memory (MB): peak = 608.695 ; gain = 289.523 ; free physical = 571 ; free virtual = 5826
@I [HLS-10] Starting hardware synthesis ...
@I [HLS-10] Synthesizing 'imNegation' ...
@I [HLS-10] ----------------------------------------------------------------
@I [HLS-10] -- Implementing module 'imNegation' 
@I [HLS-10] ----------------------------------------------------------------
@I [SCHED-11] Starting scheduling ...
@I [SCHED-11] Finished scheduling.
@I [HLS-111]  Elapsed time: 8.36 seconds; current allocated memory: 285.742 MB.
@I [BIND-100] Starting micro-architecture generation ...
@I [BIND-101] Performing variable lifetime analysis.
@I [BIND-101] Exploring resource sharing.
@I [BIND-101] Binding ...
@I [BIND-100] Finished micro-architecture generation.
@I [HLS-111]  Elapsed time: 0.03 seconds; current allocated memory: 285.965 MB.
@I [HLS-10] ----------------------------------------------------------------
@I [HLS-10] -- Generating RTL for module 'imNegation' 
@I [HLS-10] ----------------------------------------------------------------
@I [RTGEN-500] Setting interface mode on port 'imNegation/imINPUT' to 'ap_memory'.
@I [RTGEN-500] Setting interface mode on port 'imNegation/imOUTPUT' to 'ap_memory'.
@I [RTGEN-500] Setting interface mode on port 'imNegation/imHeight' to 'ap_none'.
@I [RTGEN-500] Setting interface mode on port 'imNegation/imWidth' to 'ap_none'.
@I [RTGEN-500] Setting interface mode on function 'imNegation' to 'ap_ctrl_hs'.
@I [RTGEN-100] Finished creating RTL model for 'imNegation'.
@I [HLS-111]  Elapsed time: 0.03 seconds; current allocated memory: 286.278 MB.
@I [HLS-111] Finished generating all RTL models Time (s): cpu = 00:00:07 ; elapsed = 00:00:09 . Memory (MB): peak = 608.695 ; gain = 289.523 ; free physical = 569 ; free virtual = 5825
@I [SYSC-301] Generating SystemC RTL for imNegation.
@I [VHDL-304] Generating VHDL RTL for imNegation.
@I [VLOG-307] Generating Verilog RTL for imNegation.
@I [HLS-112] Total elapsed time: 8.64 seconds; peak allocated memory: 286.278 MB.
