

================================================================
== Vivado HLS Report for 'imGrayScale'
================================================================
* Date:           Wed Jan 27 15:18:46 2021

* Version:        2016.4 (Build 1756540 on Mon Jan 23 19:31:01 MST 2017)
* Project:        Task_1
* Solution:       solution3
* Product family: zynq
* Target device:  xc7z020clg484-1


================================================================
== Performance Estimates
================================================================
+ Timing (ns): 
    * Summary: 
    +--------+-------+----------+------------+
    |  Clock | Target| Estimated| Uncertainty|
    +--------+-------+----------+------------+
    |ap_clk  |  10.00|      8.23|        1.25|
    +--------+-------+----------+------------+

+ Latency (clock cycles): 
    * Summary: 
    +-----+----------+-----+----------+---------+
    |     Latency    |    Interval    | Pipeline|
    | min |    max   | min |    max   |   Type  |
    +-----+----------+-----+----------+---------+
    |    1|  41762401|    1|  41762401|   none  |
    +-----+----------+-----+----------+---------+

    + Detail: 
        * Instance: 
        N/A

        * Loop: 
        +----------+-----+----------+-----------+-----------+-----------+----------+----------+
        |          |     Latency    | Iteration |  Initiation Interval  |   Trip   |          |
        | Loop Name| min |    max   |  Latency  |  achieved |   target  |   Count  | Pipelined|
        +----------+-----+----------+-----------+-----------+-----------+----------+----------+
        |- L00     |    0|  41762400| 2 ~ 34802 |          -|          -| 0 ~ 1200 |    no    |
        | + L11    |    0|     34800|         29|          -|          -| 0 ~ 1200 |    no    |
        +----------+-----+----------+-----------+-----------+-----------+----------+----------+



================================================================
== Utilization Estimates
================================================================
* Summary: 
+-----------------+---------+-------+--------+-------+
|       Name      | BRAM_18K| DSP48E|   FF   |  LUT  |
+-----------------+---------+-------+--------+-------+
|DSP              |        -|      -|       -|      -|
|Expression       |        -|      -|       0|    680|
|FIFO             |        -|      -|       -|      -|
|Instance         |        -|     25|    1903|   3595|
|Memory           |        -|      -|       -|      -|
|Multiplexer      |        -|      -|       -|    404|
|Register         |        -|      -|     726|      -|
+-----------------+---------+-------+--------+-------+
|Total            |        0|     25|    2629|   4679|
+-----------------+---------+-------+--------+-------+
|Available        |      280|    220|  106400|  53200|
+-----------------+---------+-------+--------+-------+
|Utilization (%)  |        0|     11|       2|      8|
+-----------------+---------+-------+--------+-------+

+ Detail: 
    * Instance: 
    +-------------------------+----------------------+---------+-------+-----+------+
    |         Instance        |        Module        | BRAM_18K| DSP48E|  FF |  LUT |
    +-------------------------+----------------------+---------+-------+-----+------+
    |imTemplateMatchinbkb_U1  |imTemplateMatchinbkb  |        0|      3|  445|  1149|
    |imTemplateMatchincud_U2  |imTemplateMatchincud  |        0|     11|  317|   578|
    |imTemplateMatchincud_U3  |imTemplateMatchincud  |        0|     11|  317|   578|
    |imTemplateMatchindEe_U4  |imTemplateMatchindEe  |        0|      0|  412|   645|
    |imTemplateMatchindEe_U5  |imTemplateMatchindEe  |        0|      0|  412|   645|
    +-------------------------+----------------------+---------+-------+-----+------+
    |Total                    |                      |        0|     25| 1903|  3595|
    +-------------------------+----------------------+---------+-------+-----+------+

    * DSP48: 
    N/A

    * Memory: 
    N/A

    * FIFO: 
    N/A

    * Expression: 
    +-----------------------+----------+-------+---+-----+------------+------------+
    |     Variable Name     | Operation| DSP48E| FF| LUT | Bitwidth P0| Bitwidth P1|
    +-----------------------+----------+-------+---+-----+------------+------------+
    |col_1_fu_216_p2        |     +    |      0|  0|   11|          11|           1|
    |next_mul_fu_186_p2     |     +    |      0|  0|   64|          11|          64|
    |row_4_fu_201_p2        |     +    |      0|  0|   11|           1|          11|
    |sh_assign_fu_304_p2    |     +    |      0|  0|   12|          11|          12|
    |tmp_43_fu_226_p2       |     +    |      0|  0|   22|          22|          22|
    |tmp_i_i_16_fu_318_p2   |     -    |      0|  0|   11|          10|          11|
    |tmp_18_fu_211_p2       |   icmp   |      0|  0|   11|          32|          32|
    |tmp_s_fu_196_p2        |   icmp   |      0|  0|   11|          32|          32|
    |tmp_62_i_i_fu_347_p2   |   lshr   |      0|  0|  157|          53|          53|
    |result_V_fu_381_p3     |  select  |      0|  0|    8|           1|           8|
    |sh_assign_8_fu_327_p3  |  select  |      0|  0|   12|           1|          12|
    |tmp_63_i_i_fu_353_p2   |    shl   |      0|  0|  350|         112|         112|
    +-----------------------+----------+-------+---+-----+------------+------------+
    |Total                  |          |      0|  0|  680|         297|         370|
    +-----------------------+----------+-------+---+-----+------------+------------+

    * Multiplexer: 
    +-----------------+----+-----------+-----+-----------+
    |       Name      | LUT| Input Size| Bits| Total Bits|
    +-----------------+----+-----------+-----+-----------+
    |ap_NS_fsm        |  30|         32|    1|         32|
    |col_reg_144      |  11|          2|   11|         22|
    |grp_fu_155_p0    |  64|          3|   64|        192|
    |grp_fu_155_p1    |  64|          3|   64|        192|
    |grp_fu_159_p0    |  64|          3|   64|        192|
    |grp_fu_159_p1    |  64|          3|   64|        192|
    |grp_fu_170_p0    |  32|          3|   32|         96|
    |phi_mul_reg_133  |  64|          2|   64|        128|
    |row_reg_122      |  11|          2|   11|         22|
    +-----------------+----+-----------+-----+-----------+
    |Total            | 404|         53|  375|       1068|
    +-----------------+----+-----------+-----+-----------+

    * Register: 
    +---------------------+----+----+-----+-----------+
    |         Name        | FF | LUT| Bits| Const Bits|
    +---------------------+----+----+-----+-----------+
    |ap_CS_fsm            |  31|   0|   31|          0|
    |col_1_reg_429        |  11|   0|   11|          0|
    |col_reg_144          |  11|   0|   11|          0|
    |loc_V_8_reg_505      |  52|   0|   52|          0|
    |loc_V_reg_499        |  11|   0|   11|          0|
    |next_mul_reg_413     |  64|   0|   64|          0|
    |phi_mul_reg_133      |  64|   0|   64|          0|
    |reg_176              |  64|   0|   64|          0|
    |result_V_reg_510     |   8|   0|    8|          0|
    |row_4_reg_421        |  11|   0|   11|          0|
    |row_reg_122          |  11|   0|   11|          0|
    |tmp_22_reg_469       |  64|   0|   64|          0|
    |tmp_24_cast_reg_449  |   8|   0|    8|          0|
    |tmp_26_reg_474       |  64|   0|   64|          0|
    |tmp_27_reg_489       |  64|   0|   64|          0|
    |tmp_28_reg_494       |  64|   0|   64|          0|
    |tmp_29_cast_reg_454  |   8|   0|    8|          0|
    |tmp_29_reg_484       |  64|   0|   64|          0|
    |tmp_50_cast_reg_434  |  22|   0|   64|         42|
    |tmp_63_reg_408       |  22|   0|   22|          0|
    |tmp_64_reg_444       |   8|   0|    8|          0|
    +---------------------+----+----+-----+-----------+
    |Total                | 726|   0|  768|         42|
    +---------------------+----+----+-----+-----------+



================================================================
== Interface
================================================================
* Summary: 
+-------------------+-----+-----+------------+--------------+--------------+
|     RTL Ports     | Dir | Bits|  Protocol  | Source Object|    C Type    |
+-------------------+-----+-----+------------+--------------+--------------+
|ap_clk             |  in |    1| ap_ctrl_hs |  imGrayScale | return value |
|ap_rst             |  in |    1| ap_ctrl_hs |  imGrayScale | return value |
|ap_start           |  in |    1| ap_ctrl_hs |  imGrayScale | return value |
|ap_done            | out |    1| ap_ctrl_hs |  imGrayScale | return value |
|ap_idle            | out |    1| ap_ctrl_hs |  imGrayScale | return value |
|ap_ready           | out |    1| ap_ctrl_hs |  imGrayScale | return value |
|imINPUT_address0   | out |   21|  ap_memory |    imINPUT   |     array    |
|imINPUT_ce0        | out |    1|  ap_memory |    imINPUT   |     array    |
|imINPUT_q0         |  in |   32|  ap_memory |    imINPUT   |     array    |
|imOUTPUT_address0  | out |   21|  ap_memory |   imOUTPUT   |     array    |
|imOUTPUT_ce0       | out |    1|  ap_memory |   imOUTPUT   |     array    |
|imOUTPUT_we0       | out |    1|  ap_memory |   imOUTPUT   |     array    |
|imOUTPUT_d0        | out |   32|  ap_memory |   imOUTPUT   |     array    |
|imHeight           |  in |   32|   ap_none  |   imHeight   |    scalar    |
|imWidth            |  in |   32|   ap_none  |    imWidth   |    scalar    |
+-------------------+-----+-----+------------+--------------+--------------+

