@I [HLS-0] Workspace /home/student/workspace_HLS/template_matching/task/Task_1/solution2 opened at Thu Jan 28 00:26:30 PST 2021
@I [HLS-100] Execute     config_clock -quiet -name default -period 10 -default=false 
@I [SYN-201] Setting up clock 'default' with a period of 10ns.
@I [HLS-100] Command     config_clock returned 0; 0 sec.
@I [HLS-100] Execute     open_platform DefaultPlatform 
@I [HLS-100] Command     open_platform returned 0; 0 sec.
@I [HLS-100] Execute     import_lib /home/student/Xilinx/Vivado_HLS/2016.4/common/technology/xilinx/zynq/zynq 
@I [HLS-100] Execute       source /home/student/Xilinx/Vivado_HLS/2016.4/common/technology/xilinx/common/xilinx.lib 
@I [HLS-100] Execute         source /home/student/Xilinx/Vivado_HLS/2016.4/common/technology/xilinx/interface/xilinx_interface.lib 
@I [HLS-100] Execute           source /home/student/Xilinx/Vivado_HLS/2016.4/common/technology/xilinx/interface/plb46.lib 
@I [HLS-100] Command           ap_source returned 0; 0 sec.
@I [HLS-100] Execute           source /home/student/Xilinx/Vivado_HLS/2016.4/common/technology/xilinx/interface/fsl.lib 
@I [HLS-100] Command           ap_source returned 0; 0 sec.
@I [HLS-100] Execute           source /home/student/Xilinx/Vivado_HLS/2016.4/common/technology/xilinx/interface/axi4.lib 
@I [HLS-100] Command           ap_source returned 0; 0 sec.
@I [HLS-100] Execute           source /home/student/Xilinx/Vivado_HLS/2016.4/common/technology/xilinx/interface/maxi.lib 
@I [HLS-100] Command           ap_source returned 0; 0 sec.
@I [HLS-100] Execute           source /home/student/Xilinx/Vivado_HLS/2016.4/common/technology/xilinx/interface/saxilite.lib 
@I [HLS-100] Command           ap_source returned 0; 0 sec.
@I [HLS-100] Command         ap_source returned 0; 0.01 sec.
@I [HLS-100] Execute         source /home/student/Xilinx/Vivado_HLS/2016.4/common/technology/xilinx/common/dsp48.lib 
@I [HLS-100] Command         ap_source returned 0; 0 sec.
@I [HLS-100] Execute         source /home/student/Xilinx/Vivado_HLS/2016.4/common/technology/xilinx/ip/xfft.lib 
@I [HLS-100] Command         ap_source returned 0; 0 sec.
@I [HLS-100] Execute         source /home/student/Xilinx/Vivado_HLS/2016.4/common/technology/xilinx/ip/dds_compiler.lib 
@I [HLS-100] Command         ap_source returned 0; 0 sec.
@I [HLS-100] Execute         source /home/student/Xilinx/Vivado_HLS/2016.4/common/technology/xilinx/ip/xfir.lib 
@I [HLS-100] Command         ap_source returned 0; 0 sec.
@I [HLS-100] Command       ap_source returned 0; 0.02 sec.
@I [HLS-100] Execute       source /home/student/Xilinx/Vivado_HLS/2016.4/common/technology/xilinx/common/xilinx_old.lib 
@I [HLS-100] Command       ap_source returned 0; 0.01 sec.
@I [HLS-100] Execute       source /home/student/Xilinx/Vivado_HLS/2016.4/common/technology/xilinx/common/xilinx_vivado.lib 
@I [HLS-100] Command       ap_source returned 0; 0 sec.
@I [HLS-100] Execute       source /home/student/Xilinx/Vivado_HLS/2016.4/common/technology/xilinx/common/xilinx.hlp 
@I [HLS-100] Execute         source /home/student/Xilinx/Vivado_HLS/2016.4/common/technology/xilinx/common/target_info.tcl 
@I [HLS-100] Command         ap_source returned 0; 0 sec.
@I [HLS-100] Execute         source /home/student/Xilinx/Vivado_HLS/2016.4/common/technology/xilinx/interface/xilinx_interface.hlp 
@I [HLS-100] Execute           source /home/student/Xilinx/Vivado_HLS/2016.4/common/technology/xilinx/interface/maxi.hlp 
@I [HLS-100] Command           ap_source returned 0; 0 sec.
@I [HLS-100] Execute           source /home/student/Xilinx/Vivado_HLS/2016.4/common/technology/xilinx/interface/saxilite.hlp 
@I [HLS-100] Command           ap_source returned 0; 0 sec.
@I [HLS-100] Command         ap_source returned 0; 0 sec.
@I [HLS-100] Execute         source /home/student/Xilinx/Vivado_HLS/2016.4/common/technology/xilinx/common/dsp48.hlp 
@I [HLS-100] Command         ap_source returned 0; 0 sec.
@I [HLS-100] Command       ap_source returned 0; 0.01 sec.
@I [HLS-100] Execute       source /home/student/Xilinx/Vivado_HLS/2016.4/common/technology/xilinx/zynq/dsp48e1.hlp 
@I [HLS-100] Command       ap_source returned 0; 0 sec.
@I [HLS-100] Execute       get_default_platform 
@I [HLS-100] Command       get_default_platform returned 0; 0 sec.
@I [HLS-100] Execute       config_chip_info -quiet -resource  {SLICE 13300}  {LUT 53200}     {FF 106400} {DSP48E 220}   {BRAM 280}  
@I [HLS-100] Command       config_chip_info returned 0; 0 sec.
@I [HLS-100] Execute       config_chip_info -quiet -speed medium 
@I [HLS-100] Command       config_chip_info returned 0; 0 sec.
@I [HLS-100] Command     import_lib returned 0; 0.04 sec.
@I [HLS-100] Execute     source /home/student/Xilinx/Vivado_HLS/2016.4/common/technology/xilinx/zynq/zynq.gen 
@I [HLS-100] Execute       source /home/student/Xilinx/Vivado_HLS/2016.4/common/technology/xilinx/common/virtex.gen 
@I [HLS-100] Execute         source /home/student/Xilinx/Vivado_HLS/2016.4/common/technology/xilinx/common/xilinx.gen 
@I [HLS-100] Execute           source /home/student/Xilinx/Vivado_HLS/2016.4/common/technology/xilinx/interface/plb46.gen 
@I [HLS-100] Command           ap_source returned 0; 0.01 sec.
@I [HLS-100] Execute           source /home/student/Xilinx/Vivado_HLS/2016.4/common/technology/xilinx/interface/fsl.gen 
@I [HLS-100] Command           ap_source returned 0; 0 sec.
@I [HLS-100] Execute           source /home/student/Xilinx/Vivado_HLS/2016.4/common/technology/xilinx/interface/axi4.gen 
@I [HLS-100] Command           ap_source returned 0; 0 sec.
@I [HLS-100] Execute           source /home/student/Xilinx/Vivado_HLS/2016.4/common/technology/xilinx/interface/nativeAXI4.gen 
@I [HLS-100] Execute             source /home/student/Xilinx/Vivado_HLS/2016.4/common/technology/xilinx/interface/saxilite.gen 
@I [HLS-100] Command             ap_source returned 0; 0 sec.
@I [HLS-100] Execute             source /home/student/Xilinx/Vivado_HLS/2016.4/common/technology/xilinx/interface/maxi.gen 
@I [HLS-100] Command             ap_source returned 0; 0.02 sec.
@I [HLS-100] Command           ap_source returned 0; 0.02 sec.
@I [HLS-100] Execute           source /home/student/Xilinx/Vivado_HLS/2016.4/common/technology/xilinx/scripts/xilinxcoregen.gen 
@I [HLS-100] Command           ap_source returned 0; 0.02 sec.
@I [HLS-100] Execute           source /home/student/Xilinx/Vivado_HLS/2016.4/common/technology/xilinx/interface/XilEDKCoreGen.gen 
@I [HLS-100] Command           ap_source returned 0; 0.01 sec.
@I [HLS-100] Execute           source /home/student/Xilinx/Vivado_HLS/2016.4/common/technology/xilinx/ip/dds_compiler.gen 
@I [HLS-100] Command           ap_source returned 0; 0.01 sec.
@I [HLS-100] Execute           source /home/student/Xilinx/Vivado_HLS/2016.4/common/technology/xilinx/ip/xfir.gen 
@I [HLS-100] Command           ap_source returned 0; 0 sec.
@I [HLS-100] Execute           source /home/student/Xilinx/Vivado_HLS/2016.4/common/technology/xilinx/ip/xfft.gen 
@I [HLS-100] Command           ap_source returned 0; 0.18 sec.
@I [HLS-100] Execute           source /home/student/Xilinx/Vivado_HLS/2016.4/common/technology/xilinx/ip/util.gen 
@I [HLS-100] Command           ap_source returned 0; 0 sec.
@I [HLS-100] Command         ap_source returned 0; 0.25 sec.
@I [HLS-100] Execute         source /home/student/Xilinx/Vivado_HLS/2016.4/common/technology/xilinx/common/dsp48.gen 
@I [HLS-100] Command         ap_source returned 0; 0 sec.
@I [HLS-100] Command       ap_source returned 0; 0.25 sec.
@I [HLS-100] Command     ap_source returned 0; 0.25 sec.
@I [HLS-100] Execute     open_platform DefaultPlatform 
@I [HLS-100] Command     open_platform returned 0; 0 sec.
@I [HLS-100] Execute     import_lib /home/student/Xilinx/Vivado_HLS/2016.4/common/technology/xilinx/zynq/zynq_fpv6 
@I [HLS-100] Execute       source /home/student/Xilinx/Vivado_HLS/2016.4/common/technology/xilinx/common/xilinx_fpv7.lib 
@I [HLS-100] Execute         source /home/student/Xilinx/Vivado_HLS/2016.4/common/technology/xilinx/common/xilinx_hp.lib 
@I [HLS-100] Command         ap_source returned 0; 0 sec.
@I [HLS-100] Command       ap_source returned 0; 0.02 sec.
@I [HLS-100] Execute       source /home/student/Xilinx/Vivado_HLS/2016.4/common/technology/xilinx/common/xilinx_fpv.hlp 
@I [HLS-100] Execute         source /home/student/Xilinx/Vivado_HLS/2016.4/common/technology/xilinx/common/xilinx.hlp 
@I [HLS-100] Execute           source /home/student/Xilinx/Vivado_HLS/2016.4/common/technology/xilinx/common/target_info.tcl 
@I [HLS-100] Command           ap_source returned 0; 0 sec.
@I [HLS-100] Execute           source /home/student/Xilinx/Vivado_HLS/2016.4/common/technology/xilinx/interface/xilinx_interface.hlp 
@I [HLS-100] Execute             source /home/student/Xilinx/Vivado_HLS/2016.4/common/technology/xilinx/interface/maxi.hlp 
@I [HLS-100] Command             ap_source returned 0; 0 sec.
@I [HLS-100] Execute             source /home/student/Xilinx/Vivado_HLS/2016.4/common/technology/xilinx/interface/saxilite.hlp 
@I [HLS-100] Command             ap_source returned 0; 0 sec.
@I [HLS-100] Command           ap_source returned 0; 0 sec.
@I [HLS-100] Execute           source /home/student/Xilinx/Vivado_HLS/2016.4/common/technology/xilinx/common/dsp48.hlp 
@I [HLS-100] Command           ap_source returned 0; 0 sec.
@I [HLS-100] Command         ap_source returned 0; 0 sec.
@I [HLS-100] Command       ap_source returned 0; 0 sec.
@I [HLS-100] Execute       source /home/student/Xilinx/Vivado_HLS/2016.4/common/technology/xilinx/zynq/zynq_hp.hlp 
@I [HLS-100] Command       ap_source returned 0; 0.01 sec.
@I [HLS-100] Command     import_lib returned 0; 0.04 sec.
@I [HLS-100] Execute     source /home/student/Xilinx/Vivado_HLS/2016.4/common/technology/xilinx/zynq/zynq_fpv6.gen 
@I [HLS-100] Execute       source /home/student/Xilinx/Vivado_HLS/2016.4/common/technology/xilinx/common/xilinx_fpv6.gen 
@I [HLS-100] Command       ap_source returned 0; 0 sec.
@I [HLS-100] Command     ap_source returned 0; 0 sec.
@I [HLS-100] Execute     set_part xc7z020clg484-1 
@I [HLS-100] Execute       add_library xilinx/zynq/zynq:xc7z020:clg484:-1 
@I [HLS-100] Execute         get_default_platform 
@I [HLS-100] Command         get_default_platform returned 0; 0 sec.
@I [HLS-100] Execute         license_isbetapart xc7z020 
@I [HLS-100] Command         license_isbetapart returned 1; 0.01 sec.
@I [HLS-100] Execute         get_default_platform 
@I [HLS-100] Command         get_default_platform returned 0; 0 sec.
@I [HLS-100] Execute         config_chip_info -quiet -resource  {SLICE 13300}  {LUT 53200}     {FF 106400} {DSP48E 220}   {BRAM 280}  
@I [HLS-100] Command         config_chip_info returned 0; 0 sec.
@I [HLS-100] Execute         config_chip_info -quiet -speed slow 
@I [HLS-100] Command         config_chip_info returned 0; 0 sec.
@I [HLS-100] Command       add_library returned 0; 0.02 sec.
@I [HLS-100] Execute       add_library xilinx/zynq/zynq_fpv6 
@I [HLS-100] Execute         get_default_platform 
@I [HLS-100] Command         get_default_platform returned 0; 0 sec.
@I [HLS-100] Command       add_library returned 0; 0 sec.
@I [HLS-10] Setting target device to 'xc7z020clg484-1'
@I [HLS-100] Command     set_part returned 0; 0.03 sec.
@I [HLS-100] Execute     get_default_platform 
@I [HLS-100] Command     get_default_platform returned 0; 0 sec.
@I [HLS-100] Execute     config_chip_info -quiet -resource  {SLICE 13300}  {LUT 53200}     {FF 106400} {DSP48E 220}   {BRAM 280}  
@I [HLS-100] Command     config_chip_info returned 0; 0 sec.
@I [HLS-100] Execute     config_chip_info -quiet -speed slow 
@I [HLS-100] Command     config_chip_info returned 0; 0 sec.
@I [HLS-100] Command   open_solution returned 0; 0.37 sec.
@I [HLS-100] Execute   set_part xc7z020clg484-1 
@I [HLS-100] Execute     add_library xilinx/zynq/zynq:xc7z020:clg484:-1 
@I [HLS-100] Execute       get_default_platform 
@I [HLS-100] Command       get_default_platform returned 0; 0 sec.
@I [HLS-100] Execute       license_isbetapart xc7z020 
@I [HLS-100] Command       license_isbetapart returned 1; 0 sec.
@I [HLS-100] Execute       get_default_platform 
@I [HLS-100] Command       get_default_platform returned 0; 0 sec.
@I [HLS-100] Execute       config_chip_info -quiet -resource  {SLICE 13300}  {LUT 53200}     {FF 106400} {DSP48E 220}   {BRAM 280}  
@I [HLS-100] Command       config_chip_info returned 0; 0 sec.
@I [HLS-100] Execute       config_chip_info -quiet -speed slow 
@I [HLS-100] Command       config_chip_info returned 0; 0 sec.
@I [HLS-100] Command     add_library returned 0; 0 sec.
@I [HLS-100] Execute     add_library xilinx/zynq/zynq_fpv6 
@I [HLS-100] Execute       get_default_platform 
@I [HLS-100] Command       get_default_platform returned 0; 0 sec.
@I [HLS-100] Command     add_library returned 0; 0 sec.
@I [HLS-100] Command   set_part returned 0; 0.01 sec.
@I [HLS-100] Execute   create_clock -period 10 -name default 
@I [HLS-100] Command   create_clock returned 0; 0.01 sec.
@I [HLS-100] Execute   csynth_design 
@I [HLS-100] Execute     elaborate -effort=medium -skip_syncheck=0 -keep_printf=0 -lm=0 -skip_cdt=0 -skip_transform=0 -ng=0 -g=0 -opt_fp=0 
@I [HLS-10] Analyzing design file 'ap_bmp.cpp' ... 
@I [HLS-0] Compiling one TU...
@I [HLS-0] Handling ap_bmp.cpp as C++
@I [HLS-0] Syntax Checking before pre-processing...
@I [HLS-100] Execute       clang  -fno-limit-debug-info -gcc-toolchain "/home/student/Xilinx/Vivado_HLS/2016.4/lnx64/tools/gcc" -hls    -fno-math-errno -c -emit-llvm -O0  -mllvm -disable-llvm-optzns -fno-threadsafe-statics  -fno-use-cxa-atexit  -fno-threadsafe-statics -fno-use-cxa-atexit -Wno-attributes -Wno-gcc-compat   -I "/home/student/Xilinx/Vivado_HLS/2016.4/lnx64/tools/systemc/include" -I "/home/student/Xilinx/Vivado_HLS/2016.4/include" -I "/home/student/Xilinx/Vivado_HLS/2016.4/include/ap_sysc" -fexceptions -I "/home/student/Xilinx/Vivado_HLS/2016.4/common/technology/autopilot" -include etc/autopilot_ssdm_op.h "ap_bmp.cpp"  -o "/home/student/workspace_HLS/template_matching/task/Task_1/solution2/.autopilot/db/ap_bmp.pp.00.o" 
@W [HLS-40] ap_bmp.cpp:51:1: warning: control may reach end of non-void function [-Wreturn-type]
}
^
ap_bmp.cpp:61:1: warning: control may reach end of non-void function [-Wreturn-type]
}
^
2 warnings generated.

@I [HLS-100] Command       clang returned 0; 0.26 sec.
@I [HLS-100] Execute       is_encrypted /home/student/workspace_HLS/template_matching/task/Task_1/solution2/.autopilot/db/ap_bmp.pp.00.o 
@I [HLS-100] Command       is_encrypted returned 0; 0 sec.
@I [HLS-0] Source preprocessing
@I [HLS-100] Execute       clang  -fno-limit-debug-info -gcc-toolchain "/home/student/Xilinx/Vivado_HLS/2016.4/lnx64/tools/gcc" -hls -fno-exceptions  -D__llvm__  -CC -E "ap_bmp.cpp"     -fno-math-errno -c -emit-llvm -O0  -mllvm -disable-llvm-optzns -fno-threadsafe-statics  -fno-use-cxa-atexit  -fno-threadsafe-statics -fno-use-cxa-atexit -Wno-attributes -Wno-gcc-compat -DAESL_SYN -D__SYNTHESIS__ -D__HLS_SYN__ -I "/home/student/Xilinx/Vivado_HLS/2016.4/common/technology/autopilot" -I "/home/student/Xilinx/Vivado_HLS/2016.4/common/technology/autopilot/ap_sysc" -include etc/autopilot_ssdm_op.h  -o "/home/student/workspace_HLS/template_matching/task/Task_1/solution2/.autopilot/db/ap_bmp.pp.0.cpp" 
@I [HLS-100] Command       clang returned 0; 0.21 sec.
@I [HLS-0] GCC PP time: 0 seconds per iteration
@I [HLS-100] Execute       list_core -type functional_unit 
@I [HLS-100] Command       list_core returned 0; 0 sec.
@I [HLS-0] CDT Preprocessing...
@I [HLS-0] Marker-Pragma convertor: /home/student/workspace_HLS/template_matching/task/Task_1/solution2/.autopilot/db/ap_bmp.pp.0.cpp /home/student/workspace_HLS/template_matching/task/Task_1/solution2/.autopilot/db/ap_bmp.pp.0.cpp.ap-line.cpp /home/student/workspace_HLS/template_matching/task/Task_1/solution2/.autopilot/db/ap_bmp.pp.0.cpp.ap-line.cpp.CXX 1
@I [HLS-0] Converting Markers to Pragmas...
@I [HLS-100] Execute       cdt  "/home/student/workspace_HLS/template_matching/task/Task_1/solution2/.autopilot/db/ap_bmp.pp.0.cpp.ap-line.cpp"  -m "imTemplateMatching" -o "/home/student/workspace_HLS/template_matching/task/Task_1/solution2/.autopilot/db/ap_bmp.pp.0.cpp.ap-cdt.cpp" --pp --directive /home/student/workspace_HLS/template_matching/task/Task_1/solution2/solution2.directive --source /home/student/workspace_HLS/template_matching/task/ap_bmp.cpp --error /home/student/workspace_HLS/template_matching/task/Task_1/solution2/.autopilot/db --funcunit "AddSub AddSub_DSP AddSubnS DAddSub_fulldsp DAddSub_nodsp DDiv DExp_fulldsp DExp_meddsp DExp_nodsp DLog_fulldsp DLog_meddsp DLog_nodsp DMul_fulldsp DMul_maxdsp DMul_meddsp DMul_nodsp DRSqrt DRecip DSqrt DivnS FAddSub_fulldsp FAddSub_nodsp FDiv FExp_fulldsp FExp_meddsp FExp_nodsp FLog_fulldsp FLog_meddsp FLog_nodsp FMul_fulldsp FMul_maxdsp FMul_meddsp FMul_nodsp FRSqrt_fulldsp FRSqrt_nodsp FRecip_fulldsp FRecip_nodsp FSqrt HAddSub_nodsp HDiv HMul_fulldsp HMul_maxdsp HMul_nodsp HSqrt Mul Mul2S Mul3S Mul4S Mul5S Mul6S Mul_LUT MulnS MuxnS" --ve --vetcl /home/student/workspace_HLS/template_matching/task/Task_1/solution2/.autopilot/db --ca --es --gf --pd --p2d /home/student/workspace_HLS/template_matching/task/Task_1/solution2/.autopilot/db --sd --scff /home/student/workspace_HLS/template_matching/task/Task_1/solution2/.autopilot/db/.systemc_flag --ad 
@I [HLS-100] Command       cdt returned 0; 2.86 sec.
@I [HLS-0] Marker-Pragma convertor: /home/student/workspace_HLS/template_matching/task/Task_1/solution2/.autopilot/db/ap_bmp.pp.0.cpp.ap-cdt.cpp /home/student/workspace_HLS/template_matching/task/Task_1/solution2/.autopilot/db/ap_bmp.pragma.0.cpp /home/student/workspace_HLS/template_matching/task/Task_1/solution2/.autopilot/db/ap_bmp.pragma.0.cpp.ap-line.CXX 0
@I [HLS-0] Converting Pragmas to Markers...
@I [HLS-100] Execute       source /home/student/workspace_HLS/template_matching/task/Task_1/solution2/.autopilot/db/pragma.status.tcl 
@I [HLS-100] Command       ap_source returned 0; 0 sec.
@I [HLS-0] Pragma Handling...
@I [HLS-0] Source preprocessing
@I [HLS-100] Execute       clang  -fno-limit-debug-info -gcc-toolchain "/home/student/Xilinx/Vivado_HLS/2016.4/lnx64/tools/gcc" -hls -fno-exceptions  -D__llvm__  -CC -E "/home/student/workspace_HLS/template_matching/task/Task_1/solution2/.autopilot/db/ap_bmp.pragma.1.cpp"     -fno-math-errno -c -emit-llvm -O0  -mllvm -disable-llvm-optzns -fno-threadsafe-statics  -fno-use-cxa-atexit  -fno-threadsafe-statics -fno-use-cxa-atexit -Wno-attributes -Wno-gcc-compat -DAESL_SYN -D__SYNTHESIS__ -D__HLS_SYN__ -I "/home/student/Xilinx/Vivado_HLS/2016.4/common/technology/autopilot" -I "/home/student/Xilinx/Vivado_HLS/2016.4/common/technology/autopilot/ap_sysc" -include etc/autopilot_ssdm_op.h  -o "/home/student/workspace_HLS/template_matching/task/Task_1/solution2/.autopilot/db/ap_bmp.pragma.2.cpp" 
@I [HLS-100] Command       clang returned 0; 0.2 sec.
@I [HLS-0] Processing labels
@I [HLS-100] Execute       clang  -fno-limit-debug-info -gcc-toolchain /home/student/Xilinx/Vivado_HLS/2016.4/lnx64/tools/gcc -hls -hls-analyze-label -hls-analyze-pragma -fno-exceptions  -D__llvm__  -w  "/home/student/workspace_HLS/template_matching/task/Task_1/solution2/.autopilot/db/ap_bmp.pragma.2.cpp"    -fno-math-errno -c -emit-llvm -O0  -mllvm -disable-llvm-optzns -fno-threadsafe-statics  -fno-use-cxa-atexit -DAESL_SYN -D__SYNTHESIS__ -D__HLS_SYN__ -I "/home/student/Xilinx/Vivado_HLS/2016.4/common/technology/autopilot" -I "/home/student/Xilinx/Vivado_HLS/2016.4/common/technology/autopilot/ap_sysc" -include etc/autopilot_ssdm_op.h -g -o "/home/student/workspace_HLS/template_matching/task/Task_1/solution2/.autopilot/db/ap_bmp.g.bc" 
@I [HLS-100] Command       clang returned 0; 0.24 sec.
@I [HLS-10] Analyzing design file 'imProcessing.cpp' ... 
@I [HLS-0] Compiling one TU...
@I [HLS-0] Handling imProcessing.cpp as C++
@I [HLS-0] Syntax Checking before pre-processing...
@I [HLS-100] Execute       clang  -fno-limit-debug-info -gcc-toolchain "/home/student/Xilinx/Vivado_HLS/2016.4/lnx64/tools/gcc" -hls  -DHW_COSIM  -fno-math-errno -c -emit-llvm -O0  -mllvm -disable-llvm-optzns -fno-threadsafe-statics  -fno-use-cxa-atexit  -fno-threadsafe-statics -fno-use-cxa-atexit -Wno-attributes -Wno-gcc-compat   -I "/home/student/Xilinx/Vivado_HLS/2016.4/lnx64/tools/systemc/include" -I "/home/student/Xilinx/Vivado_HLS/2016.4/include" -I "/home/student/Xilinx/Vivado_HLS/2016.4/include/ap_sysc" -fexceptions -I "/home/student/Xilinx/Vivado_HLS/2016.4/common/technology/autopilot" -include etc/autopilot_ssdm_op.h "imProcessing.cpp"  -o "/home/student/workspace_HLS/template_matching/task/Task_1/solution2/.autopilot/db/imProcessing.pp.00.o" 
@I [HLS-100] Command       clang returned 0; 0.31 sec.
@I [HLS-100] Execute       is_encrypted /home/student/workspace_HLS/template_matching/task/Task_1/solution2/.autopilot/db/imProcessing.pp.00.o 
@I [HLS-100] Command       is_encrypted returned 0; 0 sec.
@I [HLS-0] Source preprocessing
@I [HLS-100] Execute       clang  -fno-limit-debug-info -gcc-toolchain "/home/student/Xilinx/Vivado_HLS/2016.4/lnx64/tools/gcc" -hls -fno-exceptions  -D__llvm__  -CC -E "imProcessing.cpp"   -DHW_COSIM  -fno-math-errno -c -emit-llvm -O0  -mllvm -disable-llvm-optzns -fno-threadsafe-statics  -fno-use-cxa-atexit  -fno-threadsafe-statics -fno-use-cxa-atexit -Wno-attributes -Wno-gcc-compat -DAESL_SYN -D__SYNTHESIS__ -D__HLS_SYN__ -I "/home/student/Xilinx/Vivado_HLS/2016.4/common/technology/autopilot" -I "/home/student/Xilinx/Vivado_HLS/2016.4/common/technology/autopilot/ap_sysc" -include etc/autopilot_ssdm_op.h  -o "/home/student/workspace_HLS/template_matching/task/Task_1/solution2/.autopilot/db/imProcessing.pp.0.cpp" 
@I [HLS-100] Command       clang returned 0; 0.27 sec.
@I [HLS-0] GCC PP time: 0 seconds per iteration
@I [HLS-100] Execute       list_core -type functional_unit 
@I [HLS-100] Command       list_core returned 0; 0 sec.
@I [HLS-0] CDT Preprocessing...
@I [HLS-0] Marker-Pragma convertor: /home/student/workspace_HLS/template_matching/task/Task_1/solution2/.autopilot/db/imProcessing.pp.0.cpp /home/student/workspace_HLS/template_matching/task/Task_1/solution2/.autopilot/db/imProcessing.pp.0.cpp.ap-line.cpp /home/student/workspace_HLS/template_matching/task/Task_1/solution2/.autopilot/db/imProcessing.pp.0.cpp.ap-line.cpp.CXX 1
@I [HLS-0] Converting Markers to Pragmas...
@I [HLS-100] Execute       cdt  "/home/student/workspace_HLS/template_matching/task/Task_1/solution2/.autopilot/db/imProcessing.pp.0.cpp.ap-line.cpp"  -m "imTemplateMatching" -o "/home/student/workspace_HLS/template_matching/task/Task_1/solution2/.autopilot/db/imProcessing.pp.0.cpp.ap-cdt.cpp" --pp --directive /home/student/workspace_HLS/template_matching/task/Task_1/solution2/solution2.directive --source /home/student/workspace_HLS/template_matching/task/imProcessing.cpp --error /home/student/workspace_HLS/template_matching/task/Task_1/solution2/.autopilot/db --funcunit "AddSub AddSub_DSP AddSubnS DAddSub_fulldsp DAddSub_nodsp DDiv DExp_fulldsp DExp_meddsp DExp_nodsp DLog_fulldsp DLog_meddsp DLog_nodsp DMul_fulldsp DMul_maxdsp DMul_meddsp DMul_nodsp DRSqrt DRecip DSqrt DivnS FAddSub_fulldsp FAddSub_nodsp FDiv FExp_fulldsp FExp_meddsp FExp_nodsp FLog_fulldsp FLog_meddsp FLog_nodsp FMul_fulldsp FMul_maxdsp FMul_meddsp FMul_nodsp FRSqrt_fulldsp FRSqrt_nodsp FRecip_fulldsp FRecip_nodsp FSqrt HAddSub_nodsp HDiv HMul_fulldsp HMul_maxdsp HMul_nodsp HSqrt Mul Mul2S Mul3S Mul4S Mul5S Mul6S Mul_LUT MulnS MuxnS" --ve --vetcl /home/student/workspace_HLS/template_matching/task/Task_1/solution2/.autopilot/db --ca --es --gf --pd --p2d /home/student/workspace_HLS/template_matching/task/Task_1/solution2/.autopilot/db --sd --scff /home/student/workspace_HLS/template_matching/task/Task_1/solution2/.autopilot/db/.systemc_flag --ad 
@I [HLS-100] Command       cdt returned 0; 3.32 sec.
@I [HLS-0] Marker-Pragma convertor: /home/student/workspace_HLS/template_matching/task/Task_1/solution2/.autopilot/db/imProcessing.pp.0.cpp.ap-cdt.cpp /home/student/workspace_HLS/template_matching/task/Task_1/solution2/.autopilot/db/imProcessing.pragma.0.cpp /home/student/workspace_HLS/template_matching/task/Task_1/solution2/.autopilot/db/imProcessing.pragma.0.cpp.ap-line.CXX 0
@I [HLS-0] Converting Pragmas to Markers...
@I [HLS-100] Execute       source /home/student/workspace_HLS/template_matching/task/Task_1/solution2/.autopilot/db/pragma.status.tcl 
@I [HLS-100] Command       ap_source returned 0; 0 sec.
@I [HLS-0] Pragma Handling...
@I [HLS-0] Source preprocessing
@I [HLS-100] Execute       clang  -fno-limit-debug-info -gcc-toolchain "/home/student/Xilinx/Vivado_HLS/2016.4/lnx64/tools/gcc" -hls -fno-exceptions  -D__llvm__  -CC -E "/home/student/workspace_HLS/template_matching/task/Task_1/solution2/.autopilot/db/imProcessing.pragma.1.cpp"   -DHW_COSIM  -fno-math-errno -c -emit-llvm -O0  -mllvm -disable-llvm-optzns -fno-threadsafe-statics  -fno-use-cxa-atexit  -fno-threadsafe-statics -fno-use-cxa-atexit -Wno-attributes -Wno-gcc-compat -DAESL_SYN -D__SYNTHESIS__ -D__HLS_SYN__ -I "/home/student/Xilinx/Vivado_HLS/2016.4/common/technology/autopilot" -I "/home/student/Xilinx/Vivado_HLS/2016.4/common/technology/autopilot/ap_sysc" -include etc/autopilot_ssdm_op.h  -o "/home/student/workspace_HLS/template_matching/task/Task_1/solution2/.autopilot/db/imProcessing.pragma.2.cpp" 
@I [HLS-100] Command       clang returned 0; 0.2 sec.
@I [HLS-0] Processing labels
@I [HLS-100] Execute       clang  -fno-limit-debug-info -gcc-toolchain /home/student/Xilinx/Vivado_HLS/2016.4/lnx64/tools/gcc -hls -hls-analyze-label -hls-analyze-pragma -fno-exceptions  -D__llvm__  -w  "/home/student/workspace_HLS/template_matching/task/Task_1/solution2/.autopilot/db/imProcessing.pragma.2.cpp"  -DHW_COSIM  -fno-math-errno -c -emit-llvm -O0  -mllvm -disable-llvm-optzns -fno-threadsafe-statics  -fno-use-cxa-atexit -DAESL_SYN -D__SYNTHESIS__ -D__HLS_SYN__ -I "/home/student/Xilinx/Vivado_HLS/2016.4/common/technology/autopilot" -I "/home/student/Xilinx/Vivado_HLS/2016.4/common/technology/autopilot/ap_sysc" -include etc/autopilot_ssdm_op.h -g -o "/home/student/workspace_HLS/template_matching/task/Task_1/solution2/.autopilot/db/imProcessing.g.bc" 
@I [HLS-100] Command       clang returned 0; 0.3 sec.
@I [HLS-100] Execute       source /home/student/workspace_HLS/template_matching/task/Task_1/solution2/.autopilot/db/ve_warning.tcl 
@I [HLS-100] Command       ap_source returned 0; 0 sec.
@I [HLS-10] Validating synthesis directives ...
@I [HLS-100] Execute       source /home/student/workspace_HLS/template_matching/task/Task_1/solution2/.autopilot/db/pragma.status.tcl 
@I [HLS-100] Command       ap_source returned 0; 0 sec.
@I [HLS-111] Finished Checking Pragmas Time (s): cpu = 00:00:13 ; elapsed = 00:00:10 . Memory (MB): peak = 324.848 ; gain = 12.586 ; free physical = 1057 ; free virtual = 6178
@I [HLS-0] Linking Release ...
@I [HLS-100] Execute       llvm-ld /home/student/workspace_HLS/template_matching/task/Task_1/solution2/.autopilot/db/ap_bmp.bc /home/student/workspace_HLS/template_matching/task/Task_1/solution2/.autopilot/db/imProcessing.bc -disable-opt -L/home/student/Xilinx/Vivado_HLS/2016.4/lnx64/lib -lm_basic -o /home/student/workspace_HLS/template_matching/task/Task_1/solution2/.autopilot/db/a.o 
@I [HLS-100] Command       llvm-ld returned 0; 0.12 sec.
@I [HLS-100] Execute       disassemble /home/student/workspace_HLS/template_matching/task/Task_1/solution2/.autopilot/db/a.o /home/student/workspace_HLS/template_matching/task/Task_1/solution2/.autopilot/db/a.o 
@I [HLS-100] Execute         is_encrypted /home/student/workspace_HLS/template_matching/task/Task_1/solution2/.autopilot/db/a.o.bc 
@I [HLS-100] Command         is_encrypted returned 0; 0 sec.
@I [HLS-100] Command       disassemble returned 0; 0.12 sec.
@I [HLS-0] Disassemble time: 0 seconds per iteration
@I [HLS-0] Linking Debug ...
@I [HLS-100] Execute       llvm-ld /home/student/workspace_HLS/template_matching/task/Task_1/solution2/.autopilot/db/ap_bmp.g.bc /home/student/workspace_HLS/template_matching/task/Task_1/solution2/.autopilot/db/imProcessing.g.bc -disable-opt -L/home/student/Xilinx/Vivado_HLS/2016.4/lnx64/lib -lm_basic -o /home/student/workspace_HLS/template_matching/task/Task_1/solution2/.autopilot/db/a.g 
@I [HLS-100] Command       llvm-ld returned 0; 0.15 sec.
@I [HLS-100] Execute       disassemble /home/student/workspace_HLS/template_matching/task/Task_1/solution2/.autopilot/db/a.g /home/student/workspace_HLS/template_matching/task/Task_1/solution2/.autopilot/db/a.g 
@I [HLS-100] Execute         is_encrypted /home/student/workspace_HLS/template_matching/task/Task_1/solution2/.autopilot/db/a.g.bc 
@I [HLS-100] Command         is_encrypted returned 0; 0 sec.
@I [HLS-100] Command       disassemble returned 0; 0.1 sec.
@I [HLS-0] Disassemble time: 0 seconds per iteration
@I [HLS-111] Finished Linking Time (s): cpu = 00:00:14 ; elapsed = 00:00:11 . Memory (MB): peak = 324.848 ; gain = 12.586 ; free physical = 1056 ; free virtual = 6178
@I [HLS-100] Execute       opt_and_import_c a -opt_level=2 -skip_syncheck=0 -ng=0 -keep_printf=0 
@I [HLS-100] Execute         cleanup_all_models 
@I [HLS-100] Command         cleanup_all_models returned 0; 0 sec.
@I [HLS-10] Starting code transformations ...
@I [HLS-100] Execute         transform -promote-dbg-pointer /home/student/workspace_HLS/template_matching/task/Task_1/solution2/.autopilot/db/a.pp.bc -o /home/student/workspace_HLS/template_matching/task/Task_1/solution2/.autopilot/db/a.pp.0.bc -f 
@I [HLS-100] Command         transform returned 0; 0.02 sec.
@I [HLS-100] Execute         llvm-ld /home/student/workspace_HLS/template_matching/task/Task_1/solution2/.autopilot/db/a.pp.0.bc -disable-opt -L/home/student/Xilinx/Vivado_HLS/2016.4/lnx64/lib -lfloatconversion -o /home/student/workspace_HLS/template_matching/task/Task_1/solution2/.autopilot/db/a.g.0 
@I [HLS-100] Command         llvm-ld returned 0; 3.06 sec.
@I [HLS-0] Running Standard Transforms...
@I [HLS-100] Execute         transform -hls -share-std-xform -always-inline -promote-dbg-pointer -interface-preproc -scalarrepl -mem2reg -keep-read-access -instcombine -dce -promote-dbg-pointer -bitop-raise -indvarspre -indvars -loop-simplify -xunroll -constprop -instcombine -simplifycfg -indvars -simplifycfg -dce -globaldce -basicaa -simplifycfg -mem2reg -globalopt -global-constprop -deadargelim -instcombine -simplifycfg -prune-eh -simplifycfg -scalarrepl -instcombine -reassociate -licm -simplifycfg -loop-simplify -indvars -instcombine -simplifycfg -mem2reg -loop-simplify -indvars -instcombine -gvn -gvn -instcombine -adce -break-crit-edges -simplifycfg -loop-delete -global-array-opt -dce -dse -adce -find-syn-modules -top imTemplateMatching -deadargelim -mem2reg -instcombine -dce -presyn-prepare -auto-rom-infer -interface-preproc -syn-check -check-rec-only -find-region -simplifycfg -func-extr -function-inline -globaldce -mem2reg -instcombine -dce -gvn -globaldce -adce -adse -constprop -instcombine -bit-constprop -instcombine -dce -simplifycfg -bitop-raise -simplifycfg -dce -loop-delete -reassociate -globalopt -global-privatize -mem2reg -dce -global-constprop -pointer-simplify -constprop -dce -func-inst -deadargelim -promote-dbg-pointer -norm-name /home/student/workspace_HLS/template_matching/task/Task_1/solution2/.autopilot/db/a.g.0.bc -o /home/student/workspace_HLS/template_matching/task/Task_1/solution2/.autopilot/db/a.g.1.bc -f -phase std-opt 
@I [XFORM-603] Inlining function 'ap_fixed_base<112, 60, false, (ap_q_mode)5, (ap_o_mode)3, 0>::operator<<' into 'hls::cast_IEEE754<unsigned char, double>' (/wrk/2016.4/nightly/2017_01_23_1756540/src/products/hls/hls_lib/src/hls/hls_round.h:395).
@I [XFORM-603] Inlining function 'ap_fixed_base<112, 60, false, (ap_q_mode)5, (ap_o_mode)3, 0>::operator<<' into 'hls::cast_IEEE754<signed char, double>' (/wrk/2016.4/nightly/2017_01_23_1756540/src/products/hls/hls_lib/src/hls/hls_round.h:371).
@I [XFORM-603] Inlining function 'ap_fixed_base<1, 9, false, (ap_q_mode)5, (ap_o_mode)0, 0>::overflow_adjust' into 'ap_fixed_base<1, 9, false, (ap_q_mode)5, (ap_o_mode)0, 0>::ap_fixed_base<60, 60, false, (ap_q_mode)5, (ap_o_mode)3, 0>' ().
@I [HLS-100] Command         transform returned 0; 2.92 sec.
@I [HLS-100] Execute         disassemble /home/student/workspace_HLS/template_matching/task/Task_1/solution2/.autopilot/db/a.g.1 /home/student/workspace_HLS/template_matching/task/Task_1/solution2/.autopilot/db/a.g.1 
@I [HLS-100] Execute           is_encrypted /home/student/workspace_HLS/template_matching/task/Task_1/solution2/.autopilot/db/a.g.1.bc 
@I [HLS-100] Command           is_encrypted returned 0; 0 sec.
@I [HLS-100] Command         disassemble returned 0; 1.26 sec.
@I [HLS-111] Finished Standard Transforms Time (s): cpu = 00:00:21 ; elapsed = 00:00:18 . Memory (MB): peak = 516.844 ; gain = 204.582 ; free physical = 946 ; free virtual = 6095
@I [HLS-10] Checking synthesizability ...
@I [HLS-0] Checking Synthesizability 1/2..
@I [HLS-100] Execute         transform -hls -syn-check -check-rec-only -disaggr -scalarrepl -norm-name -dce -mem2reg -instcombine -function-uniquify -directive-preproc -mem2reg -dse -dce -auto-rom-infer -dce -array-normalize -instcombine -dce -array-seg-normalize -instcombine -dce -array-flatten -instcombine -dce -array-burst -dce -deadargelim -promote-global-argument -simplifycfg -mem2reg -globaldce -resolve-double-ptr -dce -deadargelim -dce -instcombine -function-inline -globaldce -dce -doublePtrSimplify -doublePtrElim -dce -doublePtrSimplify -promote-dbg-pointer -dce -scalarrepl -dse -adse -instcombine -ptrLegalization -simplifycfg -dce -instcombine -pointer-simplify -ptrArgReplace -dce -instcombine -disaggr -scalarrepl -norm-name -dce -mem2reg -instcombine -ptrLegalization -simplifycfg -deadargelim -instcombine -dce -inst-simplify -function-uniquify -directive-preproc -mem2reg -dse -dce -globaldce /home/student/workspace_HLS/template_matching/task/Task_1/solution2/.autopilot/db/a.g.1.bc -o /home/student/workspace_HLS/template_matching/task/Task_1/solution2/.autopilot/db/a.g.2.prechk.bc -f 
@I [XFORM-602] Inlining function 'fp_struct<double>::mantissa' into 'hls::cast_IEEE754<unsigned char, double>' (/wrk/2016.4/nightly/2017_01_23_1756540/src/products/hls/hls_lib/src/hls/hls_round.h:392) automatically.
@I [XFORM-602] Inlining function 'fp_struct<double>::expv' into 'hls::cast_IEEE754<unsigned char, double>' (/wrk/2016.4/nightly/2017_01_23_1756540/src/products/hls/hls_lib/src/hls/hls_round.h:395) automatically.
@I [XFORM-602] Inlining function 'fp_struct<double>::__signbit' into 'hls::cast_IEEE754<unsigned char, double>' (/wrk/2016.4/nightly/2017_01_23_1756540/src/products/hls/hls_lib/src/hls/hls_round.h:402) automatically.
@I [XFORM-602] Inlining function 'hls::cast_IEEE754<unsigned char, double>' into '__hls_fptoui_double_i8' (/wrk/2016.4/nightly/2017_01_23_1756540/src/products/hls/hls_lib/src/lib_floatconversion.cpp:51) automatically.
@I [XFORM-602] Inlining function '__hls_fptoui_double_i8' into 'imGrayScale' (imProcessing.cpp:60) automatically.
@I [XFORM-602] Inlining function 'fp_struct<double>::mantissa' into 'hls::cast_IEEE754<signed char, double>' (/wrk/2016.4/nightly/2017_01_23_1756540/src/products/hls/hls_lib/src/hls/hls_round.h:368) automatically.
@I [XFORM-602] Inlining function 'fp_struct<double>::expv' into 'hls::cast_IEEE754<signed char, double>' (/wrk/2016.4/nightly/2017_01_23_1756540/src/products/hls/hls_lib/src/hls/hls_round.h:371) automatically.
@I [XFORM-602] Inlining function 'fp_struct<double>::__signbit' into 'hls::cast_IEEE754<signed char, double>' (/wrk/2016.4/nightly/2017_01_23_1756540/src/products/hls/hls_lib/src/hls/hls_round.h:383) automatically.
@I [XFORM-602] Inlining function 'hls::cast_IEEE754<signed char, double>' into '__hls_fptosi_double_i8' (/wrk/2016.4/nightly/2017_01_23_1756540/src/products/hls/hls_lib/src/lib_floatconversion.cpp:41) automatically.
@I [XFORM-602] Inlining function '__hls_fptosi_double_i8' into 'imGreyNormalization' (imProcessing.cpp:136) automatically.
@I [XFORM-602] Inlining function 'imConstructOutputImage' into 'imTemplateMatching' (imProcessing.cpp:248) automatically.
@I [HLS-100] Command         transform returned 0; 1.51 sec.
@I [HLS-0] Checking Synthesizability 2/2..
@I [HLS-100] Execute         transform -syn-check /home/student/workspace_HLS/template_matching/task/Task_1/solution2/.autopilot/db/a.g.2.prechk.bc -o /home/student/workspace_HLS/template_matching/task/Task_1/solution2/.autopilot/db/a.g.2.bc -f -phase syn-check 
@I [HLS-100] Command         transform returned 0; 0.81 sec.
@I [HLS-111] Finished Checking Synthesizability Time (s): cpu = 00:00:23 ; elapsed = 00:00:21 . Memory (MB): peak = 521.871 ; gain = 209.609 ; free physical = 873 ; free virtual = 6032
@I [HLS-0] Compiler optimizing ...
@I [HLS-0] Share syncheck's 1.bc for syn flow: copy /home/student/workspace_HLS/template_matching/task/Task_1/solution2/.autopilot/db/a.g.1.bc to /home/student/workspace_HLS/template_matching/task/Task_1/solution2/.autopilot/db/a.o.1.bc
@I [HLS-0] Presyn 1...
@I [HLS-100] Execute         transform -hls -tmp /home/student/workspace_HLS/template_matching/task/Task_1/solution2/.autopilot/db -interface-port-rename -type-info -function-uniquify -directive-preproc -mem2reg -dse -dce -disaggr -scalarrepl -norm-name -deadargelim -mem2reg -instcombine -dce -auto-rom-infer -dce -function-uniquify -resource-proc -simplifycfg -mem2reg -globaldce -resolve-double-ptr -dce -deadargelim -dce -instcombine -clib-intrinsic-prepare -dce -func-buffer -dce -array-normalize -func-legal -instcombine -gvn -constprop -dce -ptrArgReplace -mem2reg -instcombine -dce -array-seg-normalize -deadargelim -instcombine -dce -pointer-simplify -dce -port-alignment -dce -interface-preproc -data-pack -instcombine -dce -basicaa -aggr-aa -aggrmodref-aa -aggr-aa -gvn -gvn -basicaa -aggr-aa -aggrmodref-aa -aggr-aa -dse -adse -adce -loop-simplify -indvars -instcombine -gvn -loop-simplify -mem2reg -dce -simplifycfg -find-region -instcombine -auto-loop-pipeline -inst-simplify -interface-preproc -cfgopt -instcombine -indvars -auto-loop-unroll -loop-simplify -loop-bound -xunroll -constprop -instcombine -simplifycfg -indvars -simplifycfg -dce -globaldce -clean-region -attach-range -gvn -inst-simplify -constprop -simplifycfg -dce -pointer-simplify -dce -globalopt -constprop -dce -array-promote -constprop -instcombine -dce -ptrArgReplace -mem2reg -instcombine -simplifycfg -dce -auto-par -instcombine -dce -array-transform-check -array-reshape -instcombine -simplifycfg -dce -ptrArgReplace -deadargelim -mem2reg -instcombine -simplifycfg -dce -indvars -loop-simplify -loop-bound -xunroll -constprop -instcombine -simplifycfg -indvars -simplifycfg -dce -globaldce -duplicate-dataflow-processes -globaldce -instcombine -array-partition -instcombine -simplifycfg -dce -ptrArgReplace -global-constprop -deadargelim -mem2reg -func-legal -instcombine -dce -global-constprop -deadargelim -mem2reg -instcombine -simplifycfg -dce -globalopt -constprop -dce -array-promote -constprop -instcombine -dce -ptrArgReplace -mem2reg -instcombine -simplifycfg -dce -mem-intrinsic-preproc -dce -global-privatize -mem2reg -globaldce -promote-global-argument -ptrArgReplace -mem2reg -instcombine -dce -globalopt -mergereturn -simplify-global-access -mem2reg -dce -pointer-simplify -dce -functionattrs -basicaa -aggr-aa -aggrmodref-aa -aggr-aa -gvn -gvn -basicaa -aggr-aa -aggrmodref-aa -aggr-aa -dse -adse -adce -inst-simplify -dce -norm-name -function-inline -globaldce -func-inst -constprop -instcombine -simplifycfg -dce -func-legal -dce -loop-bound -arraycheck -bitwidthmin -on-by-dataflow -loop-delete -instcombine -simplifycfg -globaldce -dce -gvn -deadargelim -dce -loop-simplify -clean-region -simplifycfg -propagate-stable-arguments -loop-stream -instcombine -simplifycfg -dce -globaldce -stream-intrinsic-preproc -dce -check-ap-stream -loop-simplify -eliminate-keepreads -extract-dataflow-in-loop -loop-simplify -dce -gvn -deadargelim -dse -check-dataflow-syntax -legalize-stream-variable -legalize-global -extract-subproc -dce -dead-channel-elimination -canonicalize-gep -globaldce -dce -gvn -deadargelim -annotate-dataflow-channels -scalar-propagation -deadargelim -globaldce -mem2reg -check-dataflow-channels -function-stream -dce -globaldce -prop-fifo-spec -internal-stream-gen -canonicalize-gep -globaldce -dce -gvn -deadargelim -mergereturn -indvars -loop-simplify -instcombine -array-stream -array-seg-normalize -array-partition -func-legal -instcombine -simplifycfg -dce -bundle-memfifo-ops -deadargelim -function-uniquify -directive-preproc -mem2reg -dse -dce -group-axi-access -licm -simplifycfg -dce -loop-delete -norm-name /home/student/workspace_HLS/template_matching/task/Task_1/solution2/.autopilot/db/a.o.1.bc -o /home/student/workspace_HLS/template_matching/task/Task_1/solution2/.autopilot/db/a.o.1.tmp.bc -f 
@I [XFORM-501] Unrolling loop 'L99' (imProcessing.cpp:170) in function 'imDiff' partially with a factor of 4.
@I [XFORM-501] Unrolling loop 'L33' (imProcessing.cpp:102) in function 'imGreyNormalization' partially with a factor of 4.
@I [XFORM-501] Unrolling loop 'L55' (imProcessing.cpp:125) in function 'imGreyNormalization' partially with a factor of 4.
@I [XFORM-101] Partitioning array 'imINPUT' (imProcessing.cpp:221) in dimension 1 with a block factor 3.
@I [XFORM-101] Partitioning array 'tplINPUT' (imProcessing.cpp:223) in dimension 1 with a block factor 3.
@I [XFORM-101] Partitioning array 'tplOUTPUT' (imProcessing.cpp:224) in dimension 1 with a block factor 3.
@I [XFORM-101] Partitioning array 'imOUTPUT' (imProcessing.cpp:222) in dimension 1 with a block factor 3.
@I [XFORM-602] Inlining function 'fp_struct<double>::mantissa' into 'hls::cast_IEEE754<unsigned char, double>' (/wrk/2016.4/nightly/2017_01_23_1756540/src/products/hls/hls_lib/src/hls/hls_round.h:392) automatically.
@I [XFORM-602] Inlining function 'fp_struct<double>::expv' into 'hls::cast_IEEE754<unsigned char, double>' (/wrk/2016.4/nightly/2017_01_23_1756540/src/products/hls/hls_lib/src/hls/hls_round.h:395) automatically.
@I [XFORM-602] Inlining function 'hls::cast_IEEE754<unsigned char, double>' into '__hls_fptoui_double_i8' (/wrk/2016.4/nightly/2017_01_23_1756540/src/products/hls/hls_lib/src/lib_floatconversion.cpp:51) automatically.
@I [XFORM-602] Inlining function '__hls_fptoui_double_i8' into 'imGrayScale' (imProcessing.cpp:60) automatically.
@I [XFORM-602] Inlining function 'fp_struct<double>::mantissa' into 'hls::cast_IEEE754<signed char, double>' (/wrk/2016.4/nightly/2017_01_23_1756540/src/products/hls/hls_lib/src/hls/hls_round.h:368) automatically.
@I [XFORM-602] Inlining function 'fp_struct<double>::expv' into 'hls::cast_IEEE754<signed char, double>' (/wrk/2016.4/nightly/2017_01_23_1756540/src/products/hls/hls_lib/src/hls/hls_round.h:371) automatically.
@I [XFORM-602] Inlining function 'fp_struct<double>::__signbit' into 'hls::cast_IEEE754<signed char, double>' (/wrk/2016.4/nightly/2017_01_23_1756540/src/products/hls/hls_lib/src/hls/hls_round.h:383) automatically.
@I [XFORM-602] Inlining function 'hls::cast_IEEE754<signed char, double>' into '__hls_fptosi_double_i8' (/wrk/2016.4/nightly/2017_01_23_1756540/src/products/hls/hls_lib/src/lib_floatconversion.cpp:41) automatically.
@I [XFORM-602] Inlining function '__hls_fptosi_double_i8' into 'imGreyNormalization' (imProcessing.cpp:136) automatically.
@E [XFORM-722] In dataflow L99 (imProcessing.cpp:170) of function 'imDiff', conditional execution on  is not supported.
@E [XFORM-722] In dataflow L99 (imProcessing.cpp:170) of function 'imDiff', conditional execution on  is not supported.
@E [XFORM-722] In dataflow L99 (imProcessing.cpp:170) of function 'imDiff', conditional execution on  is not supported.
@E [XFORM-722] In dataflow L99 (imProcessing.cpp:170) of function 'imDiff', conditional execution on  is not supported.
@E [XFORM-722] In dataflow L99 (imProcessing.cpp:170) of function 'imDiff', conditional execution on  is not supported.
@E [XFORM-722] In dataflow L99 (imProcessing.cpp:170) of function 'imDiff', conditional execution on  is not supported.
@I [HLS-100] Command         transform returned 1; 2.56 sec.
@E [HLS-70] Pre-synthesis failed.
@I [HLS-100] Command       opt_and_import_c returned 2; 12.21 sec.
@I [HLS-100] Command     elaborate returned 2; 22.13 sec.
@I [HLS-100] Command   csynth_design returned 2; 22.13 sec.
@I [HLS-100] Command ap_source returned 1; 22.56 sec.
command 'ap_source' returned error code
    while executing
"source /home/student/workspace_HLS/template_matching/task/Task_1/solution2/csynth.tcl"
    invoked from within
"hls::main /home/student/workspace_HLS/template_matching/task/Task_1/solution2/csynth.tcl"
    ("uplevel" body line 1)
    invoked from within
"uplevel 1 hls::main {*}$args"
    (procedure "hls_proc" line 5)
    invoked from within
"hls_proc $argv"
@I [HLS-100] Execute cleanup_all 
@I [HLS-100] Command cleanup_all returned 0; 0.01 sec.
