

================================================================
== Vivado HLS Report for 'imTemplateMatching'
================================================================
* Date:           Wed Dec 16 13:59:20 2020

* Version:        2016.4 (Build 1756540 on Mon Jan 23 19:31:01 MST 2017)
* Project:        Task_1
* Solution:       solution2
* Product family: zynq
* Target device:  xc7z020clg484-1


================================================================
== Performance Estimates
================================================================
+ Timing (ns): 
    * Summary: 
    +--------+-------+----------+------------+
    |  Clock | Target| Estimated| Uncertainty|
    +--------+-------+----------+------------+
    |ap_clk  |  10.00|      8.72|        1.25|
    +--------+-------+----------+------------+

+ Latency (clock cycles): 
    * Summary: 
    +-----+------------+-----+------------+---------+
    |      Latency     |     Interval     | Pipeline|
    | min |     max    | min |     max    |   Type  |
    +-----+------------+-----+------------+---------+
    |   20|  1330237780|   21|  1330237781|   none  |
    +-----+------------+-----+------------+---------+

    + Detail: 
        * Instance: 
        +---------------------------------+----------------------+-----+------------+-----+--------------+----------+
        |                                 |                      |      Latency     |      Interval      | Pipeline |
        |             Instance            |        Module        | min |     max    | min |      max     |   Type   |
        +---------------------------------+----------------------+-----+------------+-----+--------------+----------+
        |grp_imGreyNormalization_fu_82    |imGreyNormalization   |   10|    84964810|   10|      84964810|   none   |
        |grp_imGreyNormalization_fu_90    |imGreyNormalization   |   10|    84964810|   10|      84964810|   none   |
        |grp_imGrayScale_fu_98            |imGrayScale           |    1|    41762401|    1|      41762401|   none   |
        |grp_imGrayScale26_fu_110         |imGrayScale26         |    1|    37442401|    1|      37442401|   none   |
        |grp_imDiff_fu_122                |imDiff                |    1|  1203310161|    2|  173002002002| dataflow |
        |grp_imConstructOutputIma_fu_135  |imConstructOutputIma  |    1|      200401|    1|        200401|   none   |
        +---------------------------------+----------------------+-----+------------+-----+--------------+----------+

        * Loop: 
        N/A



================================================================
== Utilization Estimates
================================================================
* Summary: 
+-----------------+---------+-------+--------+-------+
|       Name      | BRAM_18K| DSP48E|   FF   |  LUT  |
+-----------------+---------+-------+--------+-------+
|DSP              |        -|      -|       -|      -|
|Expression       |        -|      -|       -|      -|
|FIFO             |        -|      -|       -|      -|
|Instance         |        -|     66|   16539|  25361|
|Memory           |        -|      -|       -|      -|
|Multiplexer      |        -|      -|       -|    138|
|Register         |        -|      -|     175|      -|
+-----------------+---------+-------+--------+-------+
|Total            |        0|     66|   16714|  25499|
+-----------------+---------+-------+--------+-------+
|Available        |      280|    220|  106400|  53200|
+-----------------+---------+-------+--------+-------+
|Utilization (%)  |        0|     30|      15|     47|
+-----------------+---------+-------+--------+-------+

+ Detail: 
    * Instance: 
    +---------------------------------+----------------------+---------+-------+------+------+
    |             Instance            |        Module        | BRAM_18K| DSP48E|  FF  |  LUT |
    +---------------------------------+----------------------+---------+-------+------+------+
    |grp_imConstructOutputIma_fu_135  |imConstructOutputIma  |        0|      1|   281|   299|
    |grp_imDiff_fu_122                |imDiff                |        0|      1|   861|  1389|
    |grp_imGrayScale_fu_98            |imGrayScale           |        0|     25|  2665|  4715|
    |grp_imGrayScale26_fu_110         |imGrayScale26         |        0|     25|  2662|  4710|
    |grp_imGreyNormalization_fu_82    |imGreyNormalization   |        0|      7|  5035|  7124|
    |grp_imGreyNormalization_fu_90    |imGreyNormalization   |        0|      7|  5035|  7124|
    +---------------------------------+----------------------+---------+-------+------+------+
    |Total                            |                      |        0|     66| 16539| 25361|
    +---------------------------------+----------------------+---------+-------+------+------+

    * DSP48: 
    N/A

    * Memory: 
    N/A

    * FIFO: 
    N/A

    * Expression: 
    N/A

    * Multiplexer: 
    +------------------------------------+----+-----------+-----+-----------+
    |                Name                | LUT| Input Size| Bits| Total Bits|
    +------------------------------------+----+-----------+-----+-----------+
    |ap_NS_fsm                           |   4|          9|    1|          9|
    |ap_sync_grp_imDiff_fu_122_ap_ready  |   1|          2|    1|          2|
    |imINPUT_read                        |   1|          2|    1|          2|
    |imOUTPUT_address0                   |  21|          5|   21|        105|
    |imOUTPUT_ce0                        |   1|          5|    1|          5|
    |imOUTPUT_d0                         |  32|          4|   32|        128|
    |imOUTPUT_we0                        |   1|          4|    1|          4|
    |tplINPUT_address0                   |  21|          3|   21|         63|
    |tplINPUT_ce0                        |   1|          3|    1|          3|
    |tplOUTPUT_address0                  |  21|          4|   21|         84|
    |tplOUTPUT_ce0                       |   1|          4|    1|          4|
    |tplOUTPUT_d0                        |  32|          3|   32|         96|
    |tplOUTPUT_we0                       |   1|          3|    1|          3|
    +------------------------------------+----+-----------+-----+-----------+
    |Total                               | 138|         51|  135|        508|
    +------------------------------------+----+-----------+-----+-----------+

    * Register: 
    +-------------------------------------------------+----+----+-----+-----------+
    |                       Name                      | FF | LUT| Bits| Const Bits|
    +-------------------------------------------------+----+----+-----+-----------+
    |ap_CS_fsm                                        |   8|   0|    8|          0|
    |ap_reg_grp_imConstructOutputIma_fu_135_ap_start  |   1|   0|    1|          0|
    |ap_reg_grp_imDiff_fu_122_ap_start                |   1|   0|    1|          0|
    |ap_reg_grp_imGrayScale26_fu_110_ap_start         |   1|   0|    1|          0|
    |ap_reg_grp_imGrayScale_fu_98_ap_start            |   1|   0|    1|          0|
    |ap_reg_grp_imGreyNormalization_fu_82_ap_start    |   1|   0|    1|          0|
    |ap_reg_grp_imGreyNormalization_fu_90_ap_start    |   1|   0|    1|          0|
    |ap_sync_reg_grp_imDiff_fu_122_ap_ready           |   1|   0|    1|          0|
    |template_match_posit_3_reg_207                   |  32|   0|   32|          0|
    |template_match_posit_fu_54                       |  96|   0|   96|          0|
    |tmp_reg_202                                      |  32|   0|   32|          0|
    +-------------------------------------------------+----+----+-----+-----------+
    |Total                                            | 175|   0|  175|          0|
    +-------------------------------------------------+----+----+-----+-----------+



================================================================
== Interface
================================================================
* Summary: 
+--------------------+-----+-----+------------+--------------------+--------------+
|      RTL Ports     | Dir | Bits|  Protocol  |    Source Object   |    C Type    |
+--------------------+-----+-----+------------+--------------------+--------------+
|ap_clk              |  in |    1| ap_ctrl_hs | imTemplateMatching | return value |
|ap_rst              |  in |    1| ap_ctrl_hs | imTemplateMatching | return value |
|ap_start            |  in |    1| ap_ctrl_hs | imTemplateMatching | return value |
|ap_done             | out |    1| ap_ctrl_hs | imTemplateMatching | return value |
|ap_idle             | out |    1| ap_ctrl_hs | imTemplateMatching | return value |
|ap_ready            | out |    1| ap_ctrl_hs | imTemplateMatching | return value |
|imINPUT_dout        |  in |   32|   ap_fifo  |       imINPUT      |    pointer   |
|imINPUT_empty_n     |  in |    1|   ap_fifo  |       imINPUT      |    pointer   |
|imINPUT_read        | out |    1|   ap_fifo  |       imINPUT      |    pointer   |
|imOUTPUT_address0   | out |   21|  ap_memory |      imOUTPUT      |     array    |
|imOUTPUT_ce0        | out |    1|  ap_memory |      imOUTPUT      |     array    |
|imOUTPUT_we0        | out |    1|  ap_memory |      imOUTPUT      |     array    |
|imOUTPUT_d0         | out |   32|  ap_memory |      imOUTPUT      |     array    |
|imOUTPUT_q0         |  in |   32|  ap_memory |      imOUTPUT      |     array    |
|imHeight            |  in |   32|   ap_none  |      imHeight      |    scalar    |
|imWidth             |  in |   32|   ap_none  |       imWidth      |    scalar    |
|tplINPUT_address0   | out |   21|  ap_memory |      tplINPUT      |     array    |
|tplINPUT_ce0        | out |    1|  ap_memory |      tplINPUT      |     array    |
|tplINPUT_q0         |  in |   32|  ap_memory |      tplINPUT      |     array    |
|tplOUTPUT_address0  | out |   21|  ap_memory |      tplOUTPUT     |     array    |
|tplOUTPUT_ce0       | out |    1|  ap_memory |      tplOUTPUT     |     array    |
|tplOUTPUT_we0       | out |    1|  ap_memory |      tplOUTPUT     |     array    |
|tplOUTPUT_d0        | out |   32|  ap_memory |      tplOUTPUT     |     array    |
|tplOUTPUT_q0        |  in |   32|  ap_memory |      tplOUTPUT     |     array    |
|tplHeight           |  in |   32|   ap_none  |      tplHeight     |    scalar    |
|tplWidth            |  in |   32|   ap_none  |      tplWidth      |    scalar    |
+--------------------+-----+-----+------------+--------------------+--------------+

